 ORDEM 3.2.0 -  ORDEM Spacecraft Mode
 Debris Flux (#/m^2/yr/deg)
  Year: 2023  Perigee Altitude =    900.000  Apogee Altitude =   900.000  inc =   89.00
 *
 *
 *
 *
 *
 *
 *
  Az 1    Az 2    >10um      >100um     >1mm       >1cm       >10cm      >1m
 ------  ------   --------   --------   --------   --------   --------   --------  
   Min.:          2.25E-02   2.14E-04   1.27E-07   2.82E-11   3.90E-13   1.53E-13
   Max.:          3.25E+02   6.38E+00   3.08E-02   1.86E-06   7.23E-08   1.45E-08
 ------  ------   --------   --------   --------   --------   --------   --------  
  -180    -179    2.25E-02   2.14E-04   1.27E-07   2.82E-11   4.01E-13   1.56E-13
  -179    -178    2.25E-02   2.14E-04   1.27E-07   2.82E-11   4.01E-13   1.56E-13
  -178    -177    2.25E-02   2.14E-04   1.27E-07   2.82E-11   4.01E-13   1.56E-13
  -177    -176    2.25E-02   2.14E-04   1.27E-07   2.82E-11   4.01E-13   1.56E-13
  -176    -175    2.25E-02   2.14E-04   1.27E-07   2.82E-11   4.01E-13   1.56E-13
  -175    -174    2.25E-02   2.14E-04   1.27E-07   2.82E-11   4.01E-13   1.56E-13
  -174    -173    2.25E-02   2.14E-04   1.27E-07   2.82E-11   4.01E-13   1.56E-13
  -173    -172    2.25E-02   2.14E-04   1.27E-07   2.82E-11   4.01E-13   1.56E-13
  -172    -171    2.25E-02   2.14E-04   1.27E-07   2.82E-11   4.01E-13   1.56E-13
  -171    -170    2.25E-02   2.14E-04   1.27E-07   2.82E-11   4.01E-13   1.56E-13
  -170    -169    2.49E-02   2.78E-04   1.62E-07   3.18E-11   9.35E-13   2.95E-13
  -169    -168    2.49E-02   2.78E-04   1.62E-07   3.18E-11   9.35E-13   2.95E-13
  -168    -167    2.49E-02   2.78E-04   1.62E-07   3.18E-11   9.35E-13   2.95E-13
  -167    -166    2.49E-02   2.78E-04   1.62E-07   3.18E-11   9.35E-13   2.95E-13
  -166    -165    2.49E-02   2.78E-04   1.62E-07   3.18E-11   9.35E-13   2.95E-13
  -165    -164    2.49E-02   2.78E-04   1.62E-07   3.18E-11   9.35E-13   2.95E-13
  -164    -163    2.49E-02   2.78E-04   1.62E-07   3.18E-11   9.35E-13   2.95E-13
  -163    -162    2.49E-02   2.78E-04   1.62E-07   3.18E-11   9.35E-13   2.95E-13
  -162    -161    2.49E-02   2.78E-04   1.62E-07   3.18E-11   9.35E-13   2.95E-13
  -161    -160    2.49E-02   2.78E-04   1.62E-07   3.18E-11   9.35E-13   2.95E-13
  -160    -159    3.10E-02   3.45E-04   1.64E-07   4.45E-11   8.34E-13   2.08E-13
  -159    -158    3.10E-02   3.45E-04   1.64E-07   4.45E-11   8.34E-13   2.08E-13
  -158    -157    3.10E-02   3.45E-04   1.64E-07   4.45E-11   8.34E-13   2.08E-13
  -157    -156    3.10E-02   3.45E-04   1.64E-07   4.45E-11   8.34E-13   2.08E-13
  -156    -155    3.10E-02   3.45E-04   1.64E-07   4.45E-11   8.34E-13   2.08E-13
  -155    -154    3.10E-02   3.45E-04   1.64E-07   4.45E-11   8.34E-13   2.08E-13
  -154    -153    3.10E-02   3.45E-04   1.64E-07   4.45E-11   8.34E-13   2.08E-13
  -153    -152    3.10E-02   3.45E-04   1.64E-07   4.45E-11   8.34E-13   2.08E-13
  -152    -151    3.10E-02   3.45E-04   1.64E-07   4.45E-11   8.34E-13   2.08E-13
  -151    -150    3.10E-02   3.45E-04   1.64E-07   4.45E-11   8.34E-13   2.08E-13
  -150    -149    5.66E-02   8.24E-04   9.57E-07   7.67E-11   1.31E-12   2.78E-13
  -149    -148    5.66E-02   8.24E-04   9.57E-07   7.67E-11   1.31E-12   2.78E-13
  -148    -147    5.66E-02   8.24E-04   9.57E-07   7.67E-11   1.31E-12   2.78E-13
  -147    -146    5.66E-02   8.24E-04   9.57E-07   7.67E-11   1.31E-12   2.78E-13
  -146    -145    5.66E-02   8.24E-04   9.57E-07   7.67E-11   1.31E-12   2.78E-13
  -145    -144    5.66E-02   8.24E-04   9.57E-07   7.67E-11   1.31E-12   2.78E-13
  -144    -143    5.66E-02   8.24E-04   9.57E-07   7.67E-11   1.31E-12   2.78E-13
  -143    -142    5.66E-02   8.24E-04   9.57E-07   7.67E-11   1.31E-12   2.78E-13
  -142    -141    5.66E-02   8.24E-04   9.57E-07   7.67E-11   1.31E-12   2.78E-13
  -141    -140    5.66E-02   8.24E-04   9.57E-07   7.67E-11   1.31E-12   2.78E-13
  -140    -139    1.04E-01   9.65E-04   1.43E-06   1.48E-10   2.10E-12   2.89E-13
  -139    -138    1.04E-01   9.65E-04   1.43E-06   1.48E-10   2.10E-12   2.89E-13
  -138    -137    1.04E-01   9.65E-04   1.43E-06   1.48E-10   2.10E-12   2.89E-13
  -137    -136    1.04E-01   9.65E-04   1.43E-06   1.48E-10   2.10E-12   2.89E-13
  -136    -135    1.04E-01   9.65E-04   1.43E-06   1.48E-10   2.10E-12   2.89E-13
  -135    -134    1.04E-01   9.65E-04   1.43E-06   1.48E-10   2.10E-12   2.89E-13
  -134    -133    1.04E-01   9.65E-04   1.43E-06   1.48E-10   2.10E-12   2.89E-13
  -133    -132    1.04E-01   9.65E-04   1.43E-06   1.48E-10   2.10E-12   2.89E-13
  -132    -131    1.04E-01   9.65E-04   1.43E-06   1.48E-10   2.10E-12   2.89E-13
  -131    -130    1.04E-01   9.65E-04   1.43E-06   1.48E-10   2.10E-12   2.89E-13
  -130    -129    1.38E-01   9.84E-04   1.90E-06   2.90E-10   3.56E-12   4.51E-13
  -129    -128    1.38E-01   9.84E-04   1.90E-06   2.90E-10   3.56E-12   4.51E-13
  -128    -127    1.38E-01   9.84E-04   1.90E-06   2.90E-10   3.56E-12   4.51E-13
  -127    -126    1.38E-01   9.84E-04   1.90E-06   2.90E-10   3.56E-12   4.51E-13
  -126    -125    1.38E-01   9.84E-04   1.90E-06   2.90E-10   3.56E-12   4.51E-13
  -125    -124    1.38E-01   9.84E-04   1.90E-06   2.90E-10   3.56E-12   4.51E-13
  -124    -123    1.38E-01   9.84E-04   1.90E-06   2.90E-10   3.56E-12   4.51E-13
  -123    -122    1.38E-01   9.84E-04   1.90E-06   2.90E-10   3.56E-12   4.51E-13
  -122    -121    1.38E-01   9.84E-04   1.90E-06   2.90E-10   3.56E-12   4.51E-13
  -121    -120    1.38E-01   9.84E-04   1.90E-06   2.90E-10   3.56E-12   4.51E-13
  -120    -119    1.94E-01   1.33E-03   3.83E-06   7.41E-10   6.44E-12   7.68E-13
  -119    -118    1.94E-01   1.33E-03   3.83E-06   7.41E-10   6.44E-12   7.68E-13
  -118    -117    1.94E-01   1.33E-03   3.83E-06   7.41E-10   6.44E-12   7.68E-13
  -117    -116    1.94E-01   1.33E-03   3.83E-06   7.41E-10   6.44E-12   7.68E-13
  -116    -115    1.94E-01   1.33E-03   3.83E-06   7.41E-10   6.44E-12   7.68E-13
  -115    -114    1.94E-01   1.33E-03   3.83E-06   7.41E-10   6.44E-12   7.68E-13
  -114    -113    1.94E-01   1.33E-03   3.83E-06   7.41E-10   6.44E-12   7.68E-13
  -113    -112    1.94E-01   1.33E-03   3.83E-06   7.41E-10   6.44E-12   7.68E-13
  -112    -111    1.94E-01   1.33E-03   3.83E-06   7.41E-10   6.44E-12   7.68E-13
  -111    -110    1.94E-01   1.33E-03   3.83E-06   7.41E-10   6.44E-12   7.68E-13
  -110    -109    5.32E-01   3.61E-03   1.18E-05   3.44E-09   4.26E-11   4.06E-12
  -109    -108    5.32E-01   3.61E-03   1.18E-05   3.44E-09   4.26E-11   4.06E-12
  -108    -107    5.32E-01   3.61E-03   1.18E-05   3.44E-09   4.26E-11   4.06E-12
  -107    -106    5.32E-01   3.61E-03   1.18E-05   3.44E-09   4.26E-11   4.06E-12
  -106    -105    5.32E-01   3.61E-03   1.18E-05   3.44E-09   4.26E-11   4.06E-12
  -105    -104    5.32E-01   3.61E-03   1.18E-05   3.44E-09   4.26E-11   4.06E-12
  -104    -103    5.32E-01   3.61E-03   1.18E-05   3.44E-09   4.26E-11   4.06E-12
  -103    -102    5.32E-01   3.61E-03   1.18E-05   3.44E-09   4.26E-11   4.06E-12
  -102    -101    5.32E-01   3.61E-03   1.18E-05   3.44E-09   4.26E-11   4.06E-12
  -101    -100    5.32E-01   3.61E-03   1.18E-05   3.44E-09   4.26E-11   4.06E-12
  -100     -99    2.94E+00   1.52E-02   6.42E-05   9.57E-09   1.47E-10   1.22E-11
   -99     -98    2.94E+00   1.52E-02   6.42E-05   9.57E-09   1.47E-10   1.22E-11
   -98     -97    2.94E+00   1.52E-02   6.42E-05   9.57E-09   1.47E-10   1.22E-11
   -97     -96    2.94E+00   1.52E-02   6.42E-05   9.57E-09   1.47E-10   1.22E-11
   -96     -95    2.94E+00   1.52E-02   6.42E-05   9.57E-09   1.47E-10   1.22E-11
   -95     -94    2.94E+00   1.52E-02   6.42E-05   9.57E-09   1.47E-10   1.22E-11
   -94     -93    2.94E+00   1.52E-02   6.42E-05   9.57E-09   1.47E-10   1.22E-11
   -93     -92    2.94E+00   1.52E-02   6.42E-05   9.57E-09   1.47E-10   1.22E-11
   -92     -91    2.94E+00   1.52E-02   6.42E-05   9.57E-09   1.47E-10   1.22E-11
   -91     -90    2.94E+00   1.52E-02   6.42E-05   9.57E-09   1.47E-10   1.22E-11
   -90     -89    3.80E+01   6.66E-01   2.82E-03   1.72E-07   8.01E-09   1.52E-09
   -89     -88    3.80E+01   6.66E-01   2.82E-03   1.72E-07   8.01E-09   1.52E-09
   -88     -87    3.80E+01   6.66E-01   2.82E-03   1.72E-07   8.01E-09   1.52E-09
   -87     -86    3.80E+01   6.66E-01   2.82E-03   1.72E-07   8.01E-09   1.52E-09
   -86     -85    3.80E+01   6.66E-01   2.82E-03   1.72E-07   8.01E-09   1.52E-09
   -85     -84    3.80E+01   6.66E-01   2.82E-03   1.72E-07   8.01E-09   1.52E-09
   -84     -83    3.80E+01   6.66E-01   2.82E-03   1.72E-07   8.01E-09   1.52E-09
   -83     -82    3.80E+01   6.66E-01   2.82E-03   1.72E-07   8.01E-09   1.52E-09
   -82     -81    3.80E+01   6.66E-01   2.82E-03   1.72E-07   8.01E-09   1.52E-09
   -81     -80    3.80E+01   6.66E-01   2.82E-03   1.72E-07   8.01E-09   1.52E-09
   -80     -79    7.31E+01   1.51E+00   4.43E-03   5.02E-07   1.60E-08   3.14E-09
   -79     -78    7.31E+01   1.51E+00   4.43E-03   5.02E-07   1.60E-08   3.14E-09
   -78     -77    7.31E+01   1.51E+00   4.43E-03   5.02E-07   1.60E-08   3.14E-09
   -77     -76    7.31E+01   1.51E+00   4.43E-03   5.02E-07   1.60E-08   3.14E-09
   -76     -75    7.31E+01   1.51E+00   4.43E-03   5.02E-07   1.60E-08   3.14E-09
   -75     -74    7.31E+01   1.51E+00   4.43E-03   5.02E-07   1.60E-08   3.14E-09
   -74     -73    7.31E+01   1.51E+00   4.43E-03   5.02E-07   1.60E-08   3.14E-09
   -73     -72    7.31E+01   1.51E+00   4.43E-03   5.02E-07   1.60E-08   3.14E-09
   -72     -71    7.31E+01   1.51E+00   4.43E-03   5.02E-07   1.60E-08   3.14E-09
   -71     -70    7.31E+01   1.51E+00   4.43E-03   5.02E-07   1.60E-08   3.14E-09
   -70     -69    7.69E+01   1.65E+00   4.80E-03   4.53E-07   1.52E-08   3.09E-09
   -69     -68    7.69E+01   1.65E+00   4.80E-03   4.53E-07   1.52E-08   3.09E-09
   -68     -67    7.69E+01   1.65E+00   4.80E-03   4.53E-07   1.52E-08   3.09E-09
   -67     -66    7.69E+01   1.65E+00   4.80E-03   4.53E-07   1.52E-08   3.09E-09
   -66     -65    7.69E+01   1.65E+00   4.80E-03   4.53E-07   1.52E-08   3.09E-09
   -65     -64    7.69E+01   1.65E+00   4.80E-03   4.53E-07   1.52E-08   3.09E-09
   -64     -63    7.69E+01   1.65E+00   4.80E-03   4.53E-07   1.52E-08   3.09E-09
   -63     -62    7.69E+01   1.65E+00   4.80E-03   4.53E-07   1.52E-08   3.09E-09
   -62     -61    7.69E+01   1.65E+00   4.80E-03   4.53E-07   1.52E-08   3.09E-09
   -61     -60    7.69E+01   1.65E+00   4.80E-03   4.53E-07   1.52E-08   3.09E-09
   -60     -59    8.94E+01   1.84E+00   5.54E-03   5.00E-07   1.72E-08   3.73E-09
   -59     -58    8.94E+01   1.84E+00   5.54E-03   5.00E-07   1.72E-08   3.73E-09
   -58     -57    8.94E+01   1.84E+00   5.54E-03   5.00E-07   1.72E-08   3.73E-09
   -57     -56    8.94E+01   1.84E+00   5.54E-03   5.00E-07   1.72E-08   3.73E-09
   -56     -55    8.94E+01   1.84E+00   5.54E-03   5.00E-07   1.72E-08   3.73E-09
   -55     -54    8.94E+01   1.84E+00   5.54E-03   5.00E-07   1.72E-08   3.73E-09
   -54     -53    8.94E+01   1.84E+00   5.54E-03   5.00E-07   1.72E-08   3.73E-09
   -53     -52    8.94E+01   1.84E+00   5.54E-03   5.00E-07   1.72E-08   3.73E-09
   -52     -51    8.94E+01   1.84E+00   5.54E-03   5.00E-07   1.72E-08   3.73E-09
   -51     -50    8.94E+01   1.84E+00   5.54E-03   5.00E-07   1.72E-08   3.73E-09
   -50     -49    9.97E+01   2.06E+00   6.25E-03   5.65E-07   1.95E-08   4.12E-09
   -49     -48    9.97E+01   2.06E+00   6.25E-03   5.65E-07   1.95E-08   4.12E-09
   -48     -47    9.97E+01   2.06E+00   6.25E-03   5.65E-07   1.95E-08   4.12E-09
   -47     -46    9.97E+01   2.06E+00   6.25E-03   5.65E-07   1.95E-08   4.12E-09
   -46     -45    9.97E+01   2.06E+00   6.25E-03   5.65E-07   1.95E-08   4.12E-09
   -45     -44    9.97E+01   2.06E+00   6.25E-03   5.65E-07   1.95E-08   4.12E-09
   -44     -43    9.97E+01   2.06E+00   6.25E-03   5.65E-07   1.95E-08   4.12E-09
   -43     -42    9.97E+01   2.06E+00   6.25E-03   5.65E-07   1.95E-08   4.12E-09
   -42     -41    9.97E+01   2.06E+00   6.25E-03   5.65E-07   1.95E-08   4.12E-09
   -41     -40    9.97E+01   2.06E+00   6.25E-03   5.65E-07   1.95E-08   4.12E-09
   -40     -39    1.27E+02   2.64E+00   7.77E-03   6.98E-07   2.44E-08   5.13E-09
   -39     -38    1.27E+02   2.64E+00   7.77E-03   6.98E-07   2.44E-08   5.13E-09
   -38     -37    1.27E+02   2.64E+00   7.77E-03   6.98E-07   2.44E-08   5.13E-09
   -37     -36    1.27E+02   2.64E+00   7.77E-03   6.98E-07   2.44E-08   5.13E-09
   -36     -35    1.27E+02   2.64E+00   7.77E-03   6.98E-07   2.44E-08   5.13E-09
   -35     -34    1.27E+02   2.64E+00   7.77E-03   6.98E-07   2.44E-08   5.13E-09
   -34     -33    1.27E+02   2.64E+00   7.77E-03   6.98E-07   2.44E-08   5.13E-09
   -33     -32    1.27E+02   2.64E+00   7.77E-03   6.98E-07   2.44E-08   5.13E-09
   -32     -31    1.27E+02   2.64E+00   7.77E-03   6.98E-07   2.44E-08   5.13E-09
   -31     -30    1.27E+02   2.64E+00   7.77E-03   6.98E-07   2.44E-08   5.13E-09
   -30     -29    1.71E+02   3.51E+00   1.05E-02   9.66E-07   3.32E-08   6.80E-09
   -29     -28    1.71E+02   3.51E+00   1.05E-02   9.66E-07   3.32E-08   6.80E-09
   -28     -27    1.71E+02   3.51E+00   1.05E-02   9.66E-07   3.32E-08   6.80E-09
   -27     -26    1.71E+02   3.51E+00   1.05E-02   9.66E-07   3.32E-08   6.80E-09
   -26     -25    1.71E+02   3.51E+00   1.05E-02   9.66E-07   3.32E-08   6.80E-09
   -25     -24    1.71E+02   3.51E+00   1.05E-02   9.66E-07   3.32E-08   6.80E-09
   -24     -23    1.71E+02   3.51E+00   1.05E-02   9.66E-07   3.32E-08   6.80E-09
   -23     -22    1.71E+02   3.51E+00   1.05E-02   9.66E-07   3.32E-08   6.80E-09
   -22     -21    1.71E+02   3.51E+00   1.05E-02   9.66E-07   3.32E-08   6.80E-09
   -21     -20    1.71E+02   3.51E+00   1.05E-02   9.66E-07   3.32E-08   6.80E-09
   -20     -19    2.72E+02   5.46E+00   1.65E-02   1.86E-06   6.44E-08   1.19E-08
   -19     -18    2.72E+02   5.46E+00   1.65E-02   1.86E-06   6.44E-08   1.19E-08
   -18     -17    2.72E+02   5.46E+00   1.65E-02   1.86E-06   6.44E-08   1.19E-08
   -17     -16    2.72E+02   5.46E+00   1.65E-02   1.86E-06   6.44E-08   1.19E-08
   -16     -15    2.72E+02   5.46E+00   1.65E-02   1.86E-06   6.44E-08   1.19E-08
   -15     -14    2.72E+02   5.46E+00   1.65E-02   1.86E-06   6.44E-08   1.19E-08
   -14     -13    2.72E+02   5.46E+00   1.65E-02   1.86E-06   6.44E-08   1.19E-08
   -13     -12    2.72E+02   5.46E+00   1.65E-02   1.86E-06   6.44E-08   1.19E-08
   -12     -11    2.72E+02   5.46E+00   1.65E-02   1.86E-06   6.44E-08   1.19E-08
   -11     -10    2.72E+02   5.46E+00   1.65E-02   1.86E-06   6.44E-08   1.19E-08
   -10      -9    3.25E+02   6.37E+00   3.07E-02   1.67E-06   7.22E-08   1.44E-08
    -9      -8    3.25E+02   6.37E+00   3.07E-02   1.67E-06   7.22E-08   1.44E-08
    -8      -7    3.25E+02   6.37E+00   3.07E-02   1.67E-06   7.22E-08   1.44E-08
    -7      -6    3.25E+02   6.37E+00   3.07E-02   1.67E-06   7.22E-08   1.44E-08
    -6      -5    3.25E+02   6.37E+00   3.07E-02   1.67E-06   7.22E-08   1.44E-08
    -5      -4    3.25E+02   6.37E+00   3.07E-02   1.67E-06   7.22E-08   1.44E-08
    -4      -3    3.25E+02   6.37E+00   3.07E-02   1.67E-06   7.22E-08   1.44E-08
    -3      -2    3.25E+02   6.37E+00   3.07E-02   1.67E-06   7.22E-08   1.44E-08
    -2      -1    3.25E+02   6.37E+00   3.07E-02   1.67E-06   7.22E-08   1.44E-08
    -1       0    3.25E+02   6.37E+00   3.07E-02   1.67E-06   7.22E-08   1.44E-08
     0       1    3.25E+02   6.38E+00   3.08E-02   1.67E-06   7.23E-08   1.45E-08
     1       2    3.25E+02   6.38E+00   3.08E-02   1.67E-06   7.23E-08   1.45E-08
     2       3    3.25E+02   6.38E+00   3.08E-02   1.67E-06   7.23E-08   1.45E-08
     3       4    3.25E+02   6.38E+00   3.08E-02   1.67E-06   7.23E-08   1.45E-08
     4       5    3.25E+02   6.38E+00   3.08E-02   1.67E-06   7.23E-08   1.45E-08
     5       6    3.25E+02   6.38E+00   3.08E-02   1.67E-06   7.23E-08   1.45E-08
     6       7    3.25E+02   6.38E+00   3.08E-02   1.67E-06   7.23E-08   1.45E-08
     7       8    3.25E+02   6.38E+00   3.08E-02   1.67E-06   7.23E-08   1.45E-08
     8       9    3.25E+02   6.38E+00   3.08E-02   1.67E-06   7.23E-08   1.45E-08
     9      10    3.25E+02   6.38E+00   3.08E-02   1.67E-06   7.23E-08   1.45E-08
    10      11    2.72E+02   5.47E+00   1.66E-02   1.86E-06   6.45E-08   1.20E-08
    11      12    2.72E+02   5.47E+00   1.66E-02   1.86E-06   6.45E-08   1.20E-08
    12      13    2.72E+02   5.47E+00   1.66E-02   1.86E-06   6.45E-08   1.20E-08
    13      14    2.72E+02   5.47E+00   1.66E-02   1.86E-06   6.45E-08   1.20E-08
    14      15    2.72E+02   5.47E+00   1.66E-02   1.86E-06   6.45E-08   1.20E-08
    15      16    2.72E+02   5.47E+00   1.66E-02   1.86E-06   6.45E-08   1.20E-08
    16      17    2.72E+02   5.47E+00   1.66E-02   1.86E-06   6.45E-08   1.20E-08
    17      18    2.72E+02   5.47E+00   1.66E-02   1.86E-06   6.45E-08   1.20E-08
    18      19    2.72E+02   5.47E+00   1.66E-02   1.86E-06   6.45E-08   1.20E-08
    19      20    2.72E+02   5.47E+00   1.66E-02   1.86E-06   6.45E-08   1.20E-08
    20      21    1.71E+02   3.50E+00   1.04E-02   9.75E-07   3.31E-08   6.75E-09
    21      22    1.71E+02   3.50E+00   1.04E-02   9.75E-07   3.31E-08   6.75E-09
    22      23    1.71E+02   3.50E+00   1.04E-02   9.75E-07   3.31E-08   6.75E-09
    23      24    1.71E+02   3.50E+00   1.04E-02   9.75E-07   3.31E-08   6.75E-09
    24      25    1.71E+02   3.50E+00   1.04E-02   9.75E-07   3.31E-08   6.75E-09
    25      26    1.71E+02   3.50E+00   1.04E-02   9.75E-07   3.31E-08   6.75E-09
    26      27    1.71E+02   3.50E+00   1.04E-02   9.75E-07   3.31E-08   6.75E-09
    27      28    1.71E+02   3.50E+00   1.04E-02   9.75E-07   3.31E-08   6.75E-09
    28      29    1.71E+02   3.50E+00   1.04E-02   9.75E-07   3.31E-08   6.75E-09
    29      30    1.71E+02   3.50E+00   1.04E-02   9.75E-07   3.31E-08   6.75E-09
    30      31    1.27E+02   2.64E+00   7.80E-03   7.08E-07   2.44E-08   5.16E-09
    31      32    1.27E+02   2.64E+00   7.80E-03   7.08E-07   2.44E-08   5.16E-09
    32      33    1.27E+02   2.64E+00   7.80E-03   7.08E-07   2.44E-08   5.16E-09
    33      34    1.27E+02   2.64E+00   7.80E-03   7.08E-07   2.44E-08   5.16E-09
    34      35    1.27E+02   2.64E+00   7.80E-03   7.08E-07   2.44E-08   5.16E-09
    35      36    1.27E+02   2.64E+00   7.80E-03   7.08E-07   2.44E-08   5.16E-09
    36      37    1.27E+02   2.64E+00   7.80E-03   7.08E-07   2.44E-08   5.16E-09
    37      38    1.27E+02   2.64E+00   7.80E-03   7.08E-07   2.44E-08   5.16E-09
    38      39    1.27E+02   2.64E+00   7.80E-03   7.08E-07   2.44E-08   5.16E-09
    39      40    1.27E+02   2.64E+00   7.80E-03   7.08E-07   2.44E-08   5.16E-09
    40      41    9.95E+01   2.05E+00   6.20E-03   5.62E-07   1.94E-08   4.11E-09
    41      42    9.95E+01   2.05E+00   6.20E-03   5.62E-07   1.94E-08   4.11E-09
    42      43    9.95E+01   2.05E+00   6.20E-03   5.62E-07   1.94E-08   4.11E-09
    43      44    9.95E+01   2.05E+00   6.20E-03   5.62E-07   1.94E-08   4.11E-09
    44      45    9.95E+01   2.05E+00   6.20E-03   5.62E-07   1.94E-08   4.11E-09
    45      46    9.95E+01   2.05E+00   6.20E-03   5.62E-07   1.94E-08   4.11E-09
    46      47    9.95E+01   2.05E+00   6.20E-03   5.62E-07   1.94E-08   4.11E-09
    47      48    9.95E+01   2.05E+00   6.20E-03   5.62E-07   1.94E-08   4.11E-09
    48      49    9.95E+01   2.05E+00   6.20E-03   5.62E-07   1.94E-08   4.11E-09
    49      50    9.95E+01   2.05E+00   6.20E-03   5.62E-07   1.94E-08   4.11E-09
    50      51    8.94E+01   1.84E+00   5.56E-03   4.96E-07   1.72E-08   3.72E-09
    51      52    8.94E+01   1.84E+00   5.56E-03   4.96E-07   1.72E-08   3.72E-09
    52      53    8.94E+01   1.84E+00   5.56E-03   4.96E-07   1.72E-08   3.72E-09
    53      54    8.94E+01   1.84E+00   5.56E-03   4.96E-07   1.72E-08   3.72E-09
    54      55    8.94E+01   1.84E+00   5.56E-03   4.96E-07   1.72E-08   3.72E-09
    55      56    8.94E+01   1.84E+00   5.56E-03   4.96E-07   1.72E-08   3.72E-09
    56      57    8.94E+01   1.84E+00   5.56E-03   4.96E-07   1.72E-08   3.72E-09
    57      58    8.94E+01   1.84E+00   5.56E-03   4.96E-07   1.72E-08   3.72E-09
    58      59    8.94E+01   1.84E+00   5.56E-03   4.96E-07   1.72E-08   3.72E-09
    59      60    8.94E+01   1.84E+00   5.56E-03   4.96E-07   1.72E-08   3.72E-09
    60      61    7.68E+01   1.65E+00   4.80E-03   4.48E-07   1.52E-08   3.10E-09
    61      62    7.68E+01   1.65E+00   4.80E-03   4.48E-07   1.52E-08   3.10E-09
    62      63    7.68E+01   1.65E+00   4.80E-03   4.48E-07   1.52E-08   3.10E-09
    63      64    7.68E+01   1.65E+00   4.80E-03   4.48E-07   1.52E-08   3.10E-09
    64      65    7.68E+01   1.65E+00   4.80E-03   4.48E-07   1.52E-08   3.10E-09
    65      66    7.68E+01   1.65E+00   4.80E-03   4.48E-07   1.52E-08   3.10E-09
    66      67    7.68E+01   1.65E+00   4.80E-03   4.48E-07   1.52E-08   3.10E-09
    67      68    7.68E+01   1.65E+00   4.80E-03   4.48E-07   1.52E-08   3.10E-09
    68      69    7.68E+01   1.65E+00   4.80E-03   4.48E-07   1.52E-08   3.10E-09
    69      70    7.68E+01   1.65E+00   4.80E-03   4.48E-07   1.52E-08   3.10E-09
    70      71    7.32E+01   1.51E+00   4.43E-03   5.03E-07   1.60E-08   3.13E-09
    71      72    7.32E+01   1.51E+00   4.43E-03   5.03E-07   1.60E-08   3.13E-09
    72      73    7.32E+01   1.51E+00   4.43E-03   5.03E-07   1.60E-08   3.13E-09
    73      74    7.32E+01   1.51E+00   4.43E-03   5.03E-07   1.60E-08   3.13E-09
    74      75    7.32E+01   1.51E+00   4.43E-03   5.03E-07   1.60E-08   3.13E-09
    75      76    7.32E+01   1.51E+00   4.43E-03   5.03E-07   1.60E-08   3.13E-09
    76      77    7.32E+01   1.51E+00   4.43E-03   5.03E-07   1.60E-08   3.13E-09
    77      78    7.32E+01   1.51E+00   4.43E-03   5.03E-07   1.60E-08   3.13E-09
    78      79    7.32E+01   1.51E+00   4.43E-03   5.03E-07   1.60E-08   3.13E-09
    79      80    7.32E+01   1.51E+00   4.43E-03   5.03E-07   1.60E-08   3.13E-09
    80      81    3.80E+01   6.66E-01   2.82E-03   1.72E-07   8.02E-09   1.52E-09
    81      82    3.80E+01   6.66E-01   2.82E-03   1.72E-07   8.02E-09   1.52E-09
    82      83    3.80E+01   6.66E-01   2.82E-03   1.72E-07   8.02E-09   1.52E-09
    83      84    3.80E+01   6.66E-01   2.82E-03   1.72E-07   8.02E-09   1.52E-09
    84      85    3.80E+01   6.66E-01   2.82E-03   1.72E-07   8.02E-09   1.52E-09
    85      86    3.80E+01   6.66E-01   2.82E-03   1.72E-07   8.02E-09   1.52E-09
    86      87    3.80E+01   6.66E-01   2.82E-03   1.72E-07   8.02E-09   1.52E-09
    87      88    3.80E+01   6.66E-01   2.82E-03   1.72E-07   8.02E-09   1.52E-09
    88      89    3.80E+01   6.66E-01   2.82E-03   1.72E-07   8.02E-09   1.52E-09
    89      90    3.80E+01   6.66E-01   2.82E-03   1.72E-07   8.02E-09   1.52E-09
    90      91    2.95E+00   1.53E-02   6.22E-05   9.61E-09   1.47E-10   1.21E-11
    91      92    2.95E+00   1.53E-02   6.22E-05   9.61E-09   1.47E-10   1.21E-11
    92      93    2.95E+00   1.53E-02   6.22E-05   9.61E-09   1.47E-10   1.21E-11
    93      94    2.95E+00   1.53E-02   6.22E-05   9.61E-09   1.47E-10   1.21E-11
    94      95    2.95E+00   1.53E-02   6.22E-05   9.61E-09   1.47E-10   1.21E-11
    95      96    2.95E+00   1.53E-02   6.22E-05   9.61E-09   1.47E-10   1.21E-11
    96      97    2.95E+00   1.53E-02   6.22E-05   9.61E-09   1.47E-10   1.21E-11
    97      98    2.95E+00   1.53E-02   6.22E-05   9.61E-09   1.47E-10   1.21E-11
    98      99    2.95E+00   1.53E-02   6.22E-05   9.61E-09   1.47E-10   1.21E-11
    99     100    2.95E+00   1.53E-02   6.22E-05   9.61E-09   1.47E-10   1.21E-11
   100     101    5.34E-01   3.64E-03   1.30E-05   3.44E-09   4.28E-11   4.17E-12
   101     102    5.34E-01   3.64E-03   1.30E-05   3.44E-09   4.28E-11   4.17E-12
   102     103    5.34E-01   3.64E-03   1.30E-05   3.44E-09   4.28E-11   4.17E-12
   103     104    5.34E-01   3.64E-03   1.30E-05   3.44E-09   4.28E-11   4.17E-12
   104     105    5.34E-01   3.64E-03   1.30E-05   3.44E-09   4.28E-11   4.17E-12
   105     106    5.34E-01   3.64E-03   1.30E-05   3.44E-09   4.28E-11   4.17E-12
   106     107    5.34E-01   3.64E-03   1.30E-05   3.44E-09   4.28E-11   4.17E-12
   107     108    5.34E-01   3.64E-03   1.30E-05   3.44E-09   4.28E-11   4.17E-12
   108     109    5.34E-01   3.64E-03   1.30E-05   3.44E-09   4.28E-11   4.17E-12
   109     110    5.34E-01   3.64E-03   1.30E-05   3.44E-09   4.28E-11   4.17E-12
   110     111    1.94E-01   1.33E-03   3.76E-06   7.45E-10   6.50E-12   7.67E-13
   111     112    1.94E-01   1.33E-03   3.76E-06   7.45E-10   6.50E-12   7.67E-13
   112     113    1.94E-01   1.33E-03   3.76E-06   7.45E-10   6.50E-12   7.67E-13
   113     114    1.94E-01   1.33E-03   3.76E-06   7.45E-10   6.50E-12   7.67E-13
   114     115    1.94E-01   1.33E-03   3.76E-06   7.45E-10   6.50E-12   7.67E-13
   115     116    1.94E-01   1.33E-03   3.76E-06   7.45E-10   6.50E-12   7.67E-13
   116     117    1.94E-01   1.33E-03   3.76E-06   7.45E-10   6.50E-12   7.67E-13
   117     118    1.94E-01   1.33E-03   3.76E-06   7.45E-10   6.50E-12   7.67E-13
   118     119    1.94E-01   1.33E-03   3.76E-06   7.45E-10   6.50E-12   7.67E-13
   119     120    1.94E-01   1.33E-03   3.76E-06   7.45E-10   6.50E-12   7.67E-13
   120     121    1.38E-01   9.83E-04   1.79E-06   2.90E-10   3.55E-12   4.40E-13
   121     122    1.38E-01   9.83E-04   1.79E-06   2.90E-10   3.55E-12   4.40E-13
   122     123    1.38E-01   9.83E-04   1.79E-06   2.90E-10   3.55E-12   4.40E-13
   123     124    1.38E-01   9.83E-04   1.79E-06   2.90E-10   3.55E-12   4.40E-13
   124     125    1.38E-01   9.83E-04   1.79E-06   2.90E-10   3.55E-12   4.40E-13
   125     126    1.38E-01   9.83E-04   1.79E-06   2.90E-10   3.55E-12   4.40E-13
   126     127    1.38E-01   9.83E-04   1.79E-06   2.90E-10   3.55E-12   4.40E-13
   127     128    1.38E-01   9.83E-04   1.79E-06   2.90E-10   3.55E-12   4.40E-13
   128     129    1.38E-01   9.83E-04   1.79E-06   2.90E-10   3.55E-12   4.40E-13
   129     130    1.38E-01   9.83E-04   1.79E-06   2.90E-10   3.55E-12   4.40E-13
   130     131    1.04E-01   9.57E-04   1.42E-06   1.47E-10   2.10E-12   2.83E-13
   131     132    1.04E-01   9.57E-04   1.42E-06   1.47E-10   2.10E-12   2.83E-13
   132     133    1.04E-01   9.57E-04   1.42E-06   1.47E-10   2.10E-12   2.83E-13
   133     134    1.04E-01   9.57E-04   1.42E-06   1.47E-10   2.10E-12   2.83E-13
   134     135    1.04E-01   9.57E-04   1.42E-06   1.47E-10   2.10E-12   2.83E-13
   135     136    1.04E-01   9.57E-04   1.42E-06   1.47E-10   2.10E-12   2.83E-13
   136     137    1.04E-01   9.57E-04   1.42E-06   1.47E-10   2.10E-12   2.83E-13
   137     138    1.04E-01   9.57E-04   1.42E-06   1.47E-10   2.10E-12   2.83E-13
   138     139    1.04E-01   9.57E-04   1.42E-06   1.47E-10   2.10E-12   2.83E-13
   139     140    1.04E-01   9.57E-04   1.42E-06   1.47E-10   2.10E-12   2.83E-13
   140     141    5.66E-02   8.25E-04   9.55E-07   7.65E-11   1.28E-12   2.84E-13
   141     142    5.66E-02   8.25E-04   9.55E-07   7.65E-11   1.28E-12   2.84E-13
   142     143    5.66E-02   8.25E-04   9.55E-07   7.65E-11   1.28E-12   2.84E-13
   143     144    5.66E-02   8.25E-04   9.55E-07   7.65E-11   1.28E-12   2.84E-13
   144     145    5.66E-02   8.25E-04   9.55E-07   7.65E-11   1.28E-12   2.84E-13
   145     146    5.66E-02   8.25E-04   9.55E-07   7.65E-11   1.28E-12   2.84E-13
   146     147    5.66E-02   8.25E-04   9.55E-07   7.65E-11   1.28E-12   2.84E-13
   147     148    5.66E-02   8.25E-04   9.55E-07   7.65E-11   1.28E-12   2.84E-13
   148     149    5.66E-02   8.25E-04   9.55E-07   7.65E-11   1.28E-12   2.84E-13
   149     150    5.66E-02   8.25E-04   9.55E-07   7.65E-11   1.28E-12   2.84E-13
   150     151    3.10E-02   3.47E-04   1.67E-07   4.44E-11   8.25E-13   2.03E-13
   151     152    3.10E-02   3.47E-04   1.67E-07   4.44E-11   8.25E-13   2.03E-13
   152     153    3.10E-02   3.47E-04   1.67E-07   4.44E-11   8.25E-13   2.03E-13
   153     154    3.10E-02   3.47E-04   1.67E-07   4.44E-11   8.25E-13   2.03E-13
   154     155    3.10E-02   3.47E-04   1.67E-07   4.44E-11   8.25E-13   2.03E-13
   155     156    3.10E-02   3.47E-04   1.67E-07   4.44E-11   8.25E-13   2.03E-13
   156     157    3.10E-02   3.47E-04   1.67E-07   4.44E-11   8.25E-13   2.03E-13
   157     158    3.10E-02   3.47E-04   1.67E-07   4.44E-11   8.25E-13   2.03E-13
   158     159    3.10E-02   3.47E-04   1.67E-07   4.44E-11   8.25E-13   2.03E-13
   159     160    3.10E-02   3.47E-04   1.67E-07   4.44E-11   8.25E-13   2.03E-13
   160     161    2.48E-02   2.78E-04   1.62E-07   3.17E-11   9.56E-13   3.00E-13
   161     162    2.48E-02   2.78E-04   1.62E-07   3.17E-11   9.56E-13   3.00E-13
   162     163    2.48E-02   2.78E-04   1.62E-07   3.17E-11   9.56E-13   3.00E-13
   163     164    2.48E-02   2.78E-04   1.62E-07   3.17E-11   9.56E-13   3.00E-13
   164     165    2.48E-02   2.78E-04   1.62E-07   3.17E-11   9.56E-13   3.00E-13
   165     166    2.48E-02   2.78E-04   1.62E-07   3.17E-11   9.56E-13   3.00E-13
   166     167    2.48E-02   2.78E-04   1.62E-07   3.17E-11   9.56E-13   3.00E-13
   167     168    2.48E-02   2.78E-04   1.62E-07   3.17E-11   9.56E-13   3.00E-13
   168     169    2.48E-02   2.78E-04   1.62E-07   3.17E-11   9.56E-13   3.00E-13
   169     170    2.48E-02   2.78E-04   1.62E-07   3.17E-11   9.56E-13   3.00E-13
   170     171    2.25E-02   2.14E-04   1.27E-07   2.84E-11   3.90E-13   1.53E-13
   171     172    2.25E-02   2.14E-04   1.27E-07   2.84E-11   3.90E-13   1.53E-13
   172     173    2.25E-02   2.14E-04   1.27E-07   2.84E-11   3.90E-13   1.53E-13
   173     174    2.25E-02   2.14E-04   1.27E-07   2.84E-11   3.90E-13   1.53E-13
   174     175    2.25E-02   2.14E-04   1.27E-07   2.84E-11   3.90E-13   1.53E-13
   175     176    2.25E-02   2.14E-04   1.27E-07   2.84E-11   3.90E-13   1.53E-13
   176     177    2.25E-02   2.14E-04   1.27E-07   2.84E-11   3.90E-13   1.53E-13
   177     178    2.25E-02   2.14E-04   1.27E-07   2.84E-11   3.90E-13   1.53E-13
   178     179    2.25E-02   2.14E-04   1.27E-07   2.84E-11   3.90E-13   1.53E-13
   179     180    2.25E-02   2.14E-04   1.27E-07   2.84E-11   3.90E-13   1.53E-13
