 ORDEM 3.2.0 -  ORDEM Spacecraft Mode
 Debris Flux (#/m^2/yr)
  Year: 2023  Perigee Altitude =    900.000  Apogee Altitude =   900.000  inc =   89.00
 *
 *
 *
 *
 *
 *
 *
  Size (m)   Flux       -Sigma     +Sigma
  --------   --------   --------   --------
  1.00E-05   2.55E+04   2.30E+03   2.30E+03
  1.02E-05   2.49E+04   2.24E+03   2.24E+03
  1.05E-05   2.43E+04   2.18E+03   2.18E+03
  1.07E-05   2.38E+04   2.13E+03   2.13E+03
  1.10E-05   2.32E+04   2.07E+03   2.07E+03
  1.12E-05   2.26E+04   2.02E+03   2.02E+03
  1.15E-05   2.21E+04   1.96E+03   1.96E+03
  1.17E-05   2.15E+04   1.91E+03   1.91E+03
  1.20E-05   2.10E+04   1.86E+03   1.86E+03
  1.23E-05   2.05E+04   1.81E+03   1.81E+03
  1.26E-05   1.99E+04   1.76E+03   1.76E+03
  1.29E-05   1.94E+04   1.71E+03   1.71E+03
  1.32E-05   1.89E+04   1.66E+03   1.66E+03
  1.35E-05   1.84E+04   1.61E+03   1.61E+03
  1.38E-05   1.79E+04   1.56E+03   1.56E+03
  1.41E-05   1.74E+04   1.51E+03   1.51E+03
  1.45E-05   1.69E+04   1.47E+03   1.47E+03
  1.48E-05   1.64E+04   1.42E+03   1.42E+03
  1.51E-05   1.59E+04   1.38E+03   1.38E+03
  1.55E-05   1.55E+04   1.34E+03   1.34E+03
  1.58E-05   1.50E+04   1.29E+03   1.29E+03
  1.62E-05   1.46E+04   1.25E+03   1.25E+03
  1.66E-05   1.41E+04   1.21E+03   1.21E+03
  1.70E-05   1.37E+04   1.17E+03   1.17E+03
  1.74E-05   1.33E+04   1.14E+03   1.14E+03
  1.78E-05   1.29E+04   1.10E+03   1.10E+03
  1.82E-05   1.25E+04   1.06E+03   1.06E+03
  1.86E-05   1.21E+04   1.03E+03   1.03E+03
  1.91E-05   1.17E+04   9.91E+02   9.91E+02
  1.95E-05   1.13E+04   9.57E+02   9.57E+02
  2.00E-05   1.10E+04   9.24E+02   9.24E+02
  2.04E-05   1.06E+04   8.92E+02   8.92E+02
  2.09E-05   1.03E+04   8.61E+02   8.61E+02
  2.14E-05   9.94E+03   8.31E+02   8.30E+02
  2.19E-05   9.61E+03   8.01E+02   8.01E+02
  2.24E-05   9.29E+03   7.73E+02   7.72E+02
  2.29E-05   8.98E+03   7.45E+02   7.45E+02
  2.34E-05   8.67E+03   7.18E+02   7.18E+02
  2.40E-05   8.38E+03   6.92E+02   6.92E+02
  2.45E-05   8.09E+03   6.66E+02   6.66E+02
  2.51E-05   7.81E+03   6.42E+02   6.42E+02
  2.57E-05   7.54E+03   6.18E+02   6.18E+02
  2.63E-05   7.27E+03   5.95E+02   5.95E+02
  2.69E-05   7.02E+03   5.73E+02   5.73E+02
  2.75E-05   6.77E+03   5.51E+02   5.51E+02
  2.82E-05   6.53E+03   5.30E+02   5.30E+02
  2.88E-05   6.29E+03   5.10E+02   5.10E+02
  2.95E-05   6.07E+03   4.90E+02   4.90E+02
  3.02E-05   5.85E+03   4.72E+02   4.72E+02
  3.09E-05   5.64E+03   4.53E+02   4.53E+02
  3.16E-05   5.43E+03   4.36E+02   4.36E+02
  3.24E-05   5.23E+03   4.23E+02   4.23E+02
  3.31E-05   5.03E+03   4.10E+02   4.10E+02
  3.39E-05   4.84E+03   3.98E+02   3.98E+02
  3.47E-05   4.65E+03   3.85E+02   3.85E+02
  3.55E-05   4.47E+03   3.73E+02   3.73E+02
  3.63E-05   4.29E+03   3.61E+02   3.61E+02
  3.72E-05   4.11E+03   3.49E+02   3.49E+02
  3.80E-05   3.94E+03   3.37E+02   3.37E+02
  3.89E-05   3.78E+03   3.25E+02   3.25E+02
  3.98E-05   3.62E+03   3.14E+02   3.14E+02
  4.07E-05   3.46E+03   3.03E+02   3.02E+02
  4.17E-05   3.31E+03   2.92E+02   2.91E+02
  4.27E-05   3.16E+03   2.81E+02   2.81E+02
  4.37E-05   3.02E+03   2.70E+02   2.70E+02
  4.47E-05   2.89E+03   2.60E+02   2.60E+02
  4.57E-05   2.76E+03   2.50E+02   2.50E+02
  4.68E-05   2.63E+03   2.40E+02   2.40E+02
  4.79E-05   2.51E+03   2.31E+02   2.31E+02
  4.90E-05   2.39E+03   2.22E+02   2.22E+02
  5.01E-05   2.28E+03   2.13E+02   2.13E+02
  5.13E-05   2.17E+03   2.04E+02   2.04E+02
  5.25E-05   2.07E+03   1.96E+02   1.96E+02
  5.37E-05   1.97E+03   1.88E+02   1.88E+02
  5.50E-05   1.88E+03   1.80E+02   1.80E+02
  5.62E-05   1.79E+03   1.73E+02   1.73E+02
  5.75E-05   1.70E+03   1.66E+02   1.66E+02
  5.89E-05   1.62E+03   1.59E+02   1.59E+02
  6.03E-05   1.54E+03   1.52E+02   1.52E+02
  6.17E-05   1.47E+03   1.46E+02   1.46E+02
  6.31E-05   1.40E+03   1.39E+02   1.39E+02
  6.46E-05   1.33E+03   1.34E+02   1.34E+02
  6.61E-05   1.26E+03   1.28E+02   1.28E+02
  6.76E-05   1.20E+03   1.22E+02   1.22E+02
  6.92E-05   1.14E+03   1.17E+02   1.17E+02
  7.08E-05   1.09E+03   1.12E+02   1.12E+02
  7.24E-05   1.03E+03   1.07E+02   1.07E+02
  7.41E-05   9.82E+02   1.03E+02   1.03E+02
  7.59E-05   9.34E+02   9.83E+01   9.83E+01
  7.76E-05   8.88E+02   9.41E+01   9.40E+01
  7.94E-05   8.45E+02   9.00E+01   9.00E+01
  8.13E-05   8.03E+02   8.61E+01   8.61E+01
  8.32E-05   7.64E+02   8.24E+01   8.24E+01
  8.51E-05   7.27E+02   7.89E+01   7.89E+01
  8.71E-05   6.92E+02   7.55E+01   7.55E+01
  8.91E-05   6.58E+02   7.23E+01   7.23E+01
  9.12E-05   6.26E+02   6.92E+01   6.92E+01
  9.33E-05   5.96E+02   6.63E+01   6.63E+01
  9.55E-05   5.67E+02   6.35E+01   6.35E+01
  9.77E-05   5.40E+02   6.08E+01   6.08E+01
  1.00E-04   5.15E+02   5.82E+01   5.82E+01
  1.02E-04   4.90E+02   5.70E+01   5.70E+01
  1.05E-04   4.67E+02   5.57E+01   5.57E+01
  1.07E-04   4.45E+02   5.44E+01   5.44E+01
  1.10E-04   4.24E+02   5.32E+01   5.31E+01
  1.12E-04   4.04E+02   5.19E+01   5.19E+01
  1.15E-04   3.85E+02   5.06E+01   5.06E+01
  1.17E-04   3.67E+02   4.94E+01   4.93E+01
  1.20E-04   3.50E+02   4.81E+01   4.81E+01
  1.23E-04   3.33E+02   4.69E+01   4.68E+01
  1.26E-04   3.17E+02   4.56E+01   4.56E+01
  1.29E-04   3.03E+02   4.44E+01   4.44E+01
  1.32E-04   2.88E+02   4.32E+01   4.32E+01
  1.35E-04   2.75E+02   4.20E+01   4.20E+01
  1.38E-04   2.62E+02   4.08E+01   4.08E+01
  1.41E-04   2.50E+02   3.97E+01   3.96E+01
  1.45E-04   2.38E+02   3.85E+01   3.85E+01
  1.48E-04   2.27E+02   3.74E+01   3.74E+01
  1.51E-04   2.16E+02   3.63E+01   3.62E+01
  1.55E-04   2.06E+02   3.52E+01   3.51E+01
  1.58E-04   1.96E+02   3.41E+01   3.41E+01
  1.62E-04   1.87E+02   3.30E+01   3.30E+01
  1.66E-04   1.78E+02   3.20E+01   3.20E+01
  1.70E-04   1.69E+02   3.10E+01   3.09E+01
  1.74E-04   1.61E+02   3.00E+01   2.99E+01
  1.78E-04   1.53E+02   2.90E+01   2.90E+01
  1.82E-04   1.46E+02   2.80E+01   2.80E+01
  1.86E-04   1.39E+02   2.71E+01   2.71E+01
  1.91E-04   1.32E+02   2.62E+01   2.61E+01
  1.95E-04   1.26E+02   2.53E+01   2.52E+01
  2.00E-04   1.20E+02   2.44E+01   2.44E+01
  2.04E-04   1.14E+02   2.35E+01   2.35E+01
  2.09E-04   1.08E+02   2.27E+01   2.27E+01
  2.14E-04   1.03E+02   2.19E+01   2.18E+01
  2.19E-04   9.76E+01   2.11E+01   2.10E+01
  2.24E-04   9.27E+01   2.03E+01   2.02E+01
  2.29E-04   8.81E+01   1.95E+01   1.95E+01
  2.34E-04   8.36E+01   1.88E+01   1.87E+01
  2.40E-04   7.94E+01   1.81E+01   1.80E+01
  2.45E-04   7.53E+01   1.73E+01   1.73E+01
  2.51E-04   7.14E+01   1.67E+01   1.66E+01
  2.57E-04   6.77E+01   1.60E+01   1.60E+01
  2.63E-04   6.42E+01   1.53E+01   1.53E+01
  2.69E-04   6.08E+01   1.47E+01   1.47E+01
  2.75E-04   5.76E+01   1.41E+01   1.41E+01
  2.82E-04   5.46E+01   1.35E+01   1.35E+01
  2.88E-04   5.16E+01   1.29E+01   1.29E+01
  2.95E-04   4.89E+01   1.24E+01   1.24E+01
  3.02E-04   4.62E+01   1.18E+01   1.18E+01
  3.09E-04   4.37E+01   1.13E+01   1.13E+01
  3.16E-04   4.13E+01   1.08E+01   1.08E+01
  3.24E-04   3.90E+01   1.05E+01   1.04E+01
  3.31E-04   3.69E+01   1.01E+01   1.01E+01
  3.39E-04   3.49E+01   9.74E+00   9.71E+00
  3.47E-04   3.30E+01   9.41E+00   9.37E+00
  3.55E-04   3.12E+01   9.08E+00   9.04E+00
  3.63E-04   2.95E+01   8.76E+00   8.72E+00
  3.72E-04   2.79E+01   8.45E+00   8.41E+00
  3.80E-04   2.64E+01   8.15E+00   8.11E+00
  3.89E-04   2.50E+01   7.86E+00   7.81E+00
  3.98E-04   2.36E+01   7.58E+00   7.53E+00
  4.07E-04   2.24E+01   7.30E+00   7.25E+00
  4.17E-04   2.11E+01   7.03E+00   6.98E+00
  4.27E-04   2.00E+01   6.77E+00   6.72E+00
  4.37E-04   1.89E+01   6.52E+00   6.47E+00
  4.47E-04   1.79E+01   6.27E+00   6.22E+00
  4.57E-04   1.69E+01   6.03E+00   5.98E+00
  4.68E-04   1.60E+01   5.79E+00   5.74E+00
  4.79E-04   1.51E+01   5.57E+00   5.51E+00
  4.90E-04   1.43E+01   5.34E+00   5.29E+00
  5.01E-04   1.35E+01   5.13E+00   5.07E+00
  5.13E-04   1.28E+01   4.92E+00   4.86E+00
  5.25E-04   1.21E+01   4.71E+00   4.66E+00
  5.37E-04   1.14E+01   4.52E+00   4.46E+00
  5.50E-04   1.07E+01   4.32E+00   4.27E+00
  5.62E-04   1.01E+01   4.13E+00   4.08E+00
  5.75E-04   9.56E+00   3.95E+00   3.90E+00
  5.89E-04   9.01E+00   3.77E+00   3.72E+00
  6.03E-04   8.48E+00   3.60E+00   3.55E+00
  6.17E-04   7.99E+00   3.43E+00   3.38E+00
  6.31E-04   7.51E+00   3.27E+00   3.22E+00
  6.46E-04   7.06E+00   3.11E+00   3.06E+00
  6.61E-04   6.63E+00   2.96E+00   2.91E+00
  6.76E-04   6.23E+00   2.81E+00   2.76E+00
  6.92E-04   5.84E+00   2.67E+00   2.61E+00
  7.08E-04   5.47E+00   2.53E+00   2.48E+00
  7.24E-04   5.12E+00   2.39E+00   2.34E+00
  7.41E-04   4.79E+00   2.26E+00   2.21E+00
  7.59E-04   4.47E+00   2.14E+00   2.09E+00
  7.76E-04   4.18E+00   2.01E+00   1.97E+00
  7.94E-04   3.89E+00   1.90E+00   1.85E+00
  8.13E-04   3.62E+00   1.78E+00   1.74E+00
  8.32E-04   3.37E+00   1.68E+00   1.63E+00
  8.51E-04   3.13E+00   1.57E+00   1.53E+00
  8.71E-04   2.90E+00   1.47E+00   1.43E+00
  8.91E-04   2.69E+00   1.38E+00   1.34E+00
  9.12E-04   2.49E+00   1.28E+00   1.24E+00
  9.33E-04   2.29E+00   1.20E+00   1.16E+00
  9.55E-04   2.12E+00   1.11E+00   1.08E+00
  9.77E-04   1.95E+00   1.03E+00   9.98E-01
  1.00E-03   1.79E+00   9.57E-01   9.24E-01
  1.02E-03   1.63E+00   8.65E-01   8.36E-01
  1.05E-03   1.48E+00   7.74E-01   7.49E-01
  1.07E-03   1.32E+00   6.85E-01   6.64E-01
  1.10E-03   1.18E+00   6.02E-01   5.84E-01
  1.12E-03   1.04E+00   5.24E-01   5.09E-01
  1.15E-03   9.06E-01   4.52E-01   4.40E-01
  1.17E-03   7.86E-01   3.87E-01   3.77E-01
  1.20E-03   6.77E-01   3.29E-01   3.21E-01
  1.23E-03   5.79E-01   2.78E-01   2.71E-01
  1.26E-03   4.92E-01   2.33E-01   2.28E-01
  1.29E-03   4.16E-01   1.94E-01   1.90E-01
  1.32E-03   3.50E-01   1.61E-01   1.58E-01
  1.35E-03   2.94E-01   1.33E-01   1.31E-01
  1.38E-03   2.45E-01   1.09E-01   1.07E-01
  1.41E-03   2.04E-01   8.96E-02   8.81E-02
  1.45E-03   1.69E-01   7.31E-02   7.19E-02
  1.48E-03   1.40E-01   5.95E-02   5.86E-02
  1.51E-03   1.15E-01   4.83E-02   4.76E-02
  1.55E-03   9.51E-02   3.92E-02   3.87E-02
  1.58E-03   7.84E-02   3.17E-02   3.13E-02
  1.62E-03   6.46E-02   2.57E-02   2.54E-02
  1.66E-03   5.32E-02   2.08E-02   2.06E-02
  1.70E-03   4.39E-02   1.68E-02   1.67E-02
  1.74E-03   3.63E-02   1.36E-02   1.35E-02
  1.78E-03   3.00E-02   1.11E-02   1.10E-02
  1.82E-03   2.49E-02   9.01E-03   8.93E-03
  1.86E-03   2.07E-02   7.34E-03   7.28E-03
  1.91E-03   1.73E-02   6.01E-03   5.96E-03
  1.95E-03   1.45E-02   4.93E-03   4.89E-03
  2.00E-03   1.22E-02   4.06E-03   4.03E-03
  2.04E-03   1.03E-02   3.35E-03   3.33E-03
  2.09E-03   8.71E-03   2.79E-03   2.77E-03
  2.14E-03   7.42E-03   2.33E-03   2.31E-03
  2.19E-03   6.36E-03   1.95E-03   1.94E-03
  2.24E-03   5.48E-03   1.64E-03   1.64E-03
  2.29E-03   4.75E-03   1.39E-03   1.39E-03
  2.34E-03   4.14E-03   1.19E-03   1.18E-03
  2.40E-03   3.62E-03   1.02E-03   1.01E-03
  2.45E-03   3.19E-03   8.78E-04   8.75E-04
  2.51E-03   2.83E-03   7.61E-04   7.58E-04
  2.57E-03   2.53E-03   6.62E-04   6.60E-04
  2.63E-03   2.27E-03   5.79E-04   5.77E-04
  2.69E-03   2.04E-03   5.08E-04   5.07E-04
  2.75E-03   1.86E-03   4.48E-04   4.47E-04
  2.82E-03   1.69E-03   3.96E-04   3.95E-04
  2.88E-03   1.56E-03   3.51E-04   3.50E-04
  2.95E-03   1.44E-03   3.12E-04   3.11E-04
  3.02E-03   1.34E-03   2.77E-04   2.77E-04
  3.09E-03   1.25E-03   2.47E-04   2.46E-04
  3.16E-03   1.17E-03   2.19E-04   2.19E-04
  3.24E-03   1.11E-03   2.06E-04   2.06E-04
  3.31E-03   1.05E-03   1.94E-04   1.93E-04
  3.39E-03   9.89E-04   1.82E-04   1.82E-04
  3.47E-03   9.36E-04   1.72E-04   1.72E-04
  3.55E-03   8.88E-04   1.62E-04   1.62E-04
  3.63E-03   8.42E-04   1.53E-04   1.53E-04
  3.72E-03   8.00E-04   1.45E-04   1.45E-04
  3.80E-03   7.61E-04   1.38E-04   1.37E-04
  3.89E-03   7.25E-04   1.30E-04   1.30E-04
  3.98E-03   6.91E-04   1.24E-04   1.24E-04
  4.07E-03   6.59E-04   1.18E-04   1.17E-04
  4.17E-03   6.29E-04   1.12E-04   1.12E-04
  4.27E-03   6.01E-04   1.06E-04   1.06E-04
  4.37E-03   5.74E-04   1.01E-04   1.01E-04
  4.47E-03   5.50E-04   9.65E-05   9.64E-05
  4.57E-03   5.26E-04   9.20E-05   9.20E-05
  4.68E-03   5.05E-04   8.79E-05   8.78E-05
  4.79E-03   4.84E-04   8.39E-05   8.38E-05
  4.90E-03   4.64E-04   8.02E-05   8.01E-05
  5.01E-03   4.46E-04   7.67E-05   7.66E-05
  5.13E-03   4.28E-04   7.34E-05   7.33E-05
  5.25E-03   4.12E-04   7.03E-05   7.02E-05
  5.37E-03   3.96E-04   6.73E-05   6.73E-05
  5.50E-03   3.81E-04   6.45E-05   6.45E-05
  5.62E-03   3.67E-04   6.19E-05   6.18E-05
  5.75E-03   3.53E-04   5.93E-05   5.93E-05
  5.89E-03   3.40E-04   5.70E-05   5.69E-05
  6.03E-03   3.28E-04   5.47E-05   5.46E-05
  6.17E-03   3.16E-04   5.25E-05   5.25E-05
  6.31E-03   3.05E-04   5.04E-05   5.04E-05
  6.46E-03   2.94E-04   4.84E-05   4.84E-05
  6.61E-03   2.84E-04   4.66E-05   4.65E-05
  6.76E-03   2.74E-04   4.47E-05   4.47E-05
  6.92E-03   2.64E-04   4.30E-05   4.30E-05
  7.08E-03   2.55E-04   4.14E-05   4.13E-05
  7.24E-03   2.46E-04   3.98E-05   3.97E-05
  7.41E-03   2.37E-04   3.82E-05   3.82E-05
  7.59E-03   2.29E-04   3.68E-05   3.67E-05
  7.76E-03   2.21E-04   3.53E-05   3.53E-05
  7.94E-03   2.13E-04   3.40E-05   3.40E-05
  8.13E-03   2.06E-04   3.27E-05   3.27E-05
  8.32E-03   1.99E-04   3.14E-05   3.14E-05
  8.51E-03   1.92E-04   3.02E-05   3.02E-05
  8.71E-03   1.85E-04   2.90E-05   2.90E-05
  8.91E-03   1.78E-04   2.79E-05   2.79E-05
  9.12E-03   1.72E-04   2.68E-05   2.68E-05
  9.33E-03   1.66E-04   2.57E-05   2.57E-05
  9.55E-03   1.60E-04   2.47E-05   2.47E-05
  9.77E-03   1.54E-04   2.37E-05   2.37E-05
  1.00E-02   1.48E-04   2.28E-05   2.27E-05
  1.02E-02   1.43E-04   2.20E-05   2.20E-05
  1.05E-02   1.37E-04   2.13E-05   2.13E-05
  1.07E-02   1.33E-04   2.07E-05   2.07E-05
  1.10E-02   1.28E-04   2.00E-05   2.00E-05
  1.12E-02   1.23E-04   1.94E-05   1.94E-05
  1.15E-02   1.19E-04   1.89E-05   1.89E-05
  1.17E-02   1.15E-04   1.83E-05   1.83E-05
  1.20E-02   1.11E-04   1.78E-05   1.78E-05
  1.23E-02   1.07E-04   1.73E-05   1.73E-05
  1.26E-02   1.04E-04   1.68E-05   1.68E-05
  1.29E-02   1.00E-04   1.63E-05   1.63E-05
  1.32E-02   9.70E-05   1.59E-05   1.59E-05
  1.35E-02   9.38E-05   1.54E-05   1.54E-05
  1.38E-02   9.07E-05   1.50E-05   1.50E-05
  1.41E-02   8.77E-05   1.46E-05   1.46E-05
  1.45E-02   8.48E-05   1.42E-05   1.42E-05
  1.48E-02   8.20E-05   1.38E-05   1.38E-05
  1.51E-02   7.93E-05   1.34E-05   1.34E-05
  1.55E-02   7.66E-05   1.30E-05   1.30E-05
  1.58E-02   7.41E-05   1.27E-05   1.27E-05
  1.62E-02   7.16E-05   1.23E-05   1.23E-05
  1.66E-02   6.92E-05   1.20E-05   1.20E-05
  1.70E-02   6.68E-05   1.16E-05   1.16E-05
  1.74E-02   6.45E-05   1.13E-05   1.13E-05
  1.78E-02   6.23E-05   1.10E-05   1.10E-05
  1.82E-02   6.01E-05   1.07E-05   1.06E-05
  1.86E-02   5.80E-05   1.03E-05   1.03E-05
  1.91E-02   5.60E-05   1.00E-05   1.00E-05
  1.95E-02   5.40E-05   9.73E-06   9.72E-06
  2.00E-02   5.20E-05   9.43E-06   9.42E-06
  2.04E-02   5.01E-05   9.14E-06   9.13E-06
  2.09E-02   4.83E-05   8.86E-06   8.85E-06
  2.14E-02   4.65E-05   8.58E-06   8.57E-06
  2.19E-02   4.48E-05   8.30E-06   8.29E-06
  2.24E-02   4.31E-05   8.04E-06   8.03E-06
  2.29E-02   4.15E-05   7.78E-06   7.77E-06
  2.34E-02   3.99E-05   7.52E-06   7.51E-06
  2.40E-02   3.83E-05   7.27E-06   7.26E-06
  2.45E-02   3.68E-05   7.03E-06   7.02E-06
  2.51E-02   3.54E-05   6.79E-06   6.78E-06
  2.57E-02   3.40E-05   6.56E-06   6.55E-06
  2.63E-02   3.27E-05   6.34E-06   6.33E-06
  2.69E-02   3.14E-05   6.12E-06   6.11E-06
  2.75E-02   3.01E-05   5.91E-06   5.90E-06
  2.82E-02   2.89E-05   5.70E-06   5.69E-06
  2.88E-02   2.77E-05   5.50E-06   5.49E-06
  2.95E-02   2.66E-05   5.31E-06   5.30E-06
  3.02E-02   2.56E-05   5.12E-06   5.12E-06
  3.09E-02   2.45E-05   4.94E-06   4.94E-06
  3.16E-02   2.35E-05   4.77E-06   4.76E-06
  3.24E-02   2.25E-05   4.54E-06   4.53E-06
  3.31E-02   2.14E-05   4.29E-06   4.28E-06
  3.39E-02   2.02E-05   4.04E-06   4.03E-06
  3.47E-02   1.91E-05   3.80E-06   3.80E-06
  3.55E-02   1.81E-05   3.58E-06   3.58E-06
  3.63E-02   1.72E-05   3.40E-06   3.39E-06
  3.72E-02   1.64E-05   3.23E-06   3.23E-06
  3.80E-02   1.58E-05   3.09E-06   3.09E-06
  3.89E-02   1.52E-05   2.97E-06   2.97E-06
  3.98E-02   1.47E-05   2.86E-06   2.86E-06
  4.07E-02   1.43E-05   2.77E-06   2.76E-06
  4.17E-02   1.39E-05   2.68E-06   2.68E-06
  4.27E-02   1.35E-05   2.60E-06   2.59E-06
  4.37E-02   1.31E-05   2.52E-06   2.52E-06
  4.47E-02   1.28E-05   2.44E-06   2.44E-06
  4.57E-02   1.24E-05   2.37E-06   2.37E-06
  4.68E-02   1.21E-05   2.31E-06   2.30E-06
  4.79E-02   1.18E-05   2.24E-06   2.24E-06
  4.90E-02   1.15E-05   2.18E-06   2.17E-06
  5.01E-02   1.12E-05   2.12E-06   2.11E-06
  5.13E-02   1.09E-05   2.06E-06   2.05E-06
  5.25E-02   1.06E-05   2.00E-06   2.00E-06
  5.37E-02   1.03E-05   1.95E-06   1.94E-06
  5.50E-02   1.01E-05   1.89E-06   1.89E-06
  5.62E-02   9.83E-06   1.84E-06   1.84E-06
  5.75E-02   9.59E-06   1.80E-06   1.79E-06
  5.89E-02   9.35E-06   1.75E-06   1.75E-06
  6.03E-02   9.11E-06   1.70E-06   1.70E-06
  6.17E-02   8.89E-06   1.66E-06   1.66E-06
  6.31E-02   8.67E-06   1.62E-06   1.62E-06
  6.46E-02   8.46E-06   1.58E-06   1.58E-06
  6.61E-02   8.25E-06   1.54E-06   1.54E-06
  6.76E-02   8.05E-06   1.50E-06   1.50E-06
  6.92E-02   7.86E-06   1.47E-06   1.46E-06
  7.08E-02   7.67E-06   1.43E-06   1.43E-06
  7.24E-02   7.49E-06   1.40E-06   1.40E-06
  7.41E-02   7.31E-06   1.36E-06   1.36E-06
  7.59E-02   7.13E-06   1.33E-06   1.33E-06
  7.76E-02   6.97E-06   1.30E-06   1.30E-06
  7.94E-02   6.80E-06   1.27E-06   1.27E-06
  8.13E-02   6.64E-06   1.25E-06   1.24E-06
  8.32E-02   6.49E-06   1.22E-06   1.22E-06
  8.51E-02   6.34E-06   1.19E-06   1.19E-06
  8.71E-02   6.20E-06   1.17E-06   1.17E-06
  8.91E-02   6.05E-06   1.14E-06   1.14E-06
  9.12E-02   5.92E-06   1.12E-06   1.12E-06
  9.33E-02   5.78E-06   1.10E-06   1.09E-06
  9.55E-02   5.65E-06   1.07E-06   1.07E-06
  9.77E-02   5.53E-06   1.05E-06   1.05E-06
  1.00E-01   5.40E-06   1.03E-06   1.03E-06
  1.02E-01   5.28E-06   1.01E-06   1.01E-06
  1.05E-01   5.17E-06   9.83E-07   9.82E-07
  1.07E-01   5.05E-06   9.59E-07   9.58E-07
  1.10E-01   4.93E-06   9.35E-07   9.34E-07
  1.12E-01   4.82E-06   9.12E-07   9.11E-07
  1.15E-01   4.71E-06   8.90E-07   8.89E-07
  1.17E-01   4.60E-06   8.68E-07   8.67E-07
  1.20E-01   4.49E-06   8.46E-07   8.45E-07
  1.23E-01   4.39E-06   8.25E-07   8.24E-07
  1.26E-01   4.28E-06   8.05E-07   8.04E-07
  1.29E-01   4.18E-06   7.84E-07   7.84E-07
  1.32E-01   4.08E-06   7.65E-07   7.64E-07
  1.35E-01   3.99E-06   7.46E-07   7.45E-07
  1.38E-01   3.89E-06   7.27E-07   7.26E-07
  1.41E-01   3.80E-06   7.09E-07   7.08E-07
  1.45E-01   3.71E-06   6.91E-07   6.91E-07
  1.48E-01   3.62E-06   6.74E-07   6.73E-07
  1.51E-01   3.53E-06   6.58E-07   6.57E-07
  1.55E-01   3.45E-06   6.41E-07   6.41E-07
  1.58E-01   3.37E-06   6.26E-07   6.25E-07
  1.62E-01   3.29E-06   6.10E-07   6.10E-07
  1.66E-01   3.21E-06   5.96E-07   5.95E-07
  1.70E-01   3.14E-06   5.81E-07   5.81E-07
  1.74E-01   3.06E-06   5.67E-07   5.67E-07
  1.78E-01   2.99E-06   5.54E-07   5.53E-07
  1.82E-01   2.92E-06   5.41E-07   5.40E-07
  1.86E-01   2.86E-06   5.28E-07   5.28E-07
  1.91E-01   2.79E-06   5.16E-07   5.15E-07
  1.95E-01   2.73E-06   5.04E-07   5.04E-07
  2.00E-01   2.67E-06   4.93E-07   4.92E-07
  2.04E-01   2.61E-06   4.82E-07   4.81E-07
  2.09E-01   2.55E-06   4.71E-07   4.71E-07
  2.14E-01   2.50E-06   4.61E-07   4.60E-07
  2.19E-01   2.45E-06   4.51E-07   4.51E-07
  2.24E-01   2.39E-06   4.42E-07   4.41E-07
  2.29E-01   2.34E-06   4.32E-07   4.32E-07
  2.34E-01   2.30E-06   4.24E-07   4.23E-07
  2.40E-01   2.25E-06   4.15E-07   4.15E-07
  2.45E-01   2.21E-06   4.07E-07   4.07E-07
  2.51E-01   2.16E-06   3.99E-07   3.99E-07
  2.57E-01   2.12E-06   3.92E-07   3.91E-07
  2.63E-01   2.08E-06   3.85E-07   3.84E-07
  2.69E-01   2.05E-06   3.78E-07   3.77E-07
  2.75E-01   2.01E-06   3.71E-07   3.71E-07
  2.82E-01   1.98E-06   3.65E-07   3.65E-07
  2.88E-01   1.94E-06   3.59E-07   3.59E-07
  2.95E-01   1.91E-06   3.54E-07   3.53E-07
  3.02E-01   1.88E-06   3.48E-07   3.48E-07
  3.09E-01   1.85E-06   3.43E-07   3.43E-07
  3.16E-01   1.83E-06   3.38E-07   3.38E-07
  3.24E-01   1.80E-06   3.35E-07   3.35E-07
  3.31E-01   1.77E-06   3.32E-07   3.31E-07
  3.39E-01   1.75E-06   3.29E-07   3.28E-07
  3.47E-01   1.72E-06   3.25E-07   3.25E-07
  3.55E-01   1.70E-06   3.22E-07   3.22E-07
  3.63E-01   1.68E-06   3.20E-07   3.19E-07
  3.72E-01   1.66E-06   3.17E-07   3.16E-07
  3.80E-01   1.63E-06   3.14E-07   3.14E-07
  3.89E-01   1.61E-06   3.12E-07   3.11E-07
  3.98E-01   1.59E-06   3.09E-07   3.09E-07
  4.07E-01   1.57E-06   3.07E-07   3.06E-07
  4.17E-01   1.55E-06   3.04E-07   3.04E-07
  4.27E-01   1.53E-06   3.02E-07   3.02E-07
  4.37E-01   1.51E-06   3.00E-07   2.99E-07
  4.47E-01   1.50E-06   2.98E-07   2.97E-07
  4.57E-01   1.48E-06   2.96E-07   2.95E-07
  4.68E-01   1.46E-06   2.94E-07   2.93E-07
  4.79E-01   1.44E-06   2.92E-07   2.91E-07
  4.90E-01   1.43E-06   2.90E-07   2.89E-07
  5.01E-01   1.41E-06   2.88E-07   2.88E-07
  5.13E-01   1.40E-06   2.86E-07   2.86E-07
  5.25E-01   1.38E-06   2.85E-07   2.84E-07
  5.37E-01   1.37E-06   2.83E-07   2.83E-07
  5.50E-01   1.35E-06   2.82E-07   2.81E-07
  5.62E-01   1.34E-06   2.80E-07   2.80E-07
  5.75E-01   1.32E-06   2.79E-07   2.78E-07
  5.89E-01   1.31E-06   2.77E-07   2.77E-07
  6.03E-01   1.30E-06   2.76E-07   2.75E-07
  6.17E-01   1.28E-06   2.75E-07   2.74E-07
  6.31E-01   1.27E-06   2.73E-07   2.73E-07
  6.46E-01   1.26E-06   2.72E-07   2.72E-07
  6.61E-01   1.25E-06   2.71E-07   2.71E-07
  6.76E-01   1.24E-06   2.70E-07   2.69E-07
  6.92E-01   1.23E-06   2.69E-07   2.68E-07
  7.08E-01   1.21E-06   2.68E-07   2.67E-07
  7.24E-01   1.20E-06   2.67E-07   2.66E-07
  7.41E-01   1.19E-06   2.66E-07   2.66E-07
  7.59E-01   1.18E-06   2.65E-07   2.65E-07
  7.76E-01   1.17E-06   2.64E-07   2.64E-07
  7.94E-01   1.16E-06   2.64E-07   2.63E-07
  8.13E-01   1.15E-06   2.63E-07   2.62E-07
  8.32E-01   1.14E-06   2.62E-07   2.62E-07
  8.51E-01   1.14E-06   2.61E-07   2.61E-07
  8.71E-01   1.13E-06   2.61E-07   2.60E-07
  8.91E-01   1.12E-06   2.60E-07   2.60E-07
  9.12E-01   1.11E-06   2.60E-07   2.59E-07
  9.33E-01   1.10E-06   2.59E-07   2.58E-07
  9.55E-01   1.09E-06   2.59E-07   2.58E-07
  9.77E-01   1.09E-06   2.58E-07   2.57E-07
  1.00E+00   1.08E-06   2.58E-07   2.57E-07
