 ORDEM 3.2.0 -  ORDEM Spacecraft Mode
 Debris Flux (#/m^2/yr/kps)
  Year: 2023  Perigee Altitude =    900.000  Apogee Altitude =   900.000  inc =   89.00
 *
 *
 *
 *
 *
 *
 *
 Vel 1   Vel 2    >10um      >100um     >1mm       >1cm       >10cm      >1m
 ------  ------   --------   --------   --------   --------   --------   --------  
   Min.:          3.47E+00   1.17E-02   1.75E-05   2.63E-10   1.10E-11   1.10E-11
   Max.:          1.16E+04   2.28E+02   9.13E-01   6.68E-05   2.64E-06   5.07E-07
 ------  ------   --------   --------   --------   --------   --------   --------  
   0.0     0.1    1.06E+02   2.51E+00   1.26E-02   3.42E-07   1.26E-08   1.63E-09
   0.1     0.2    1.06E+02   2.51E+00   1.26E-02   3.42E-07   1.26E-08   1.63E-09
   0.2     0.3    1.06E+02   2.51E+00   1.26E-02   3.42E-07   1.26E-08   1.63E-09
   0.3     0.4    1.06E+02   2.51E+00   1.26E-02   3.42E-07   1.26E-08   1.63E-09
   0.4     0.5    1.06E+02   2.51E+00   1.26E-02   3.42E-07   1.26E-08   1.63E-09
   0.5     0.6    1.06E+02   2.51E+00   1.26E-02   3.42E-07   1.26E-08   1.63E-09
   0.6     0.7    1.06E+02   2.51E+00   1.26E-02   3.42E-07   1.26E-08   1.63E-09
   0.7     0.8    1.06E+02   2.51E+00   1.26E-02   3.42E-07   1.26E-08   1.63E-09
   0.8     0.9    1.06E+02   2.51E+00   1.26E-02   3.42E-07   1.26E-08   1.63E-09
   0.9     1.0    1.06E+02   2.51E+00   1.26E-02   3.42E-07   1.26E-08   1.63E-09
   1.0     1.1    3.26E+02   6.27E+00   2.82E-02   1.98E-06   8.63E-08   1.87E-08
   1.1     1.2    3.26E+02   6.27E+00   2.82E-02   1.98E-06   8.63E-08   1.87E-08
   1.2     1.3    3.26E+02   6.27E+00   2.82E-02   1.98E-06   8.63E-08   1.87E-08
   1.3     1.4    3.26E+02   6.27E+00   2.82E-02   1.98E-06   8.63E-08   1.87E-08
   1.4     1.5    3.26E+02   6.27E+00   2.82E-02   1.98E-06   8.63E-08   1.87E-08
   1.5     1.6    3.26E+02   6.27E+00   2.82E-02   1.98E-06   8.63E-08   1.87E-08
   1.6     1.7    3.26E+02   6.27E+00   2.82E-02   1.98E-06   8.63E-08   1.87E-08
   1.7     1.8    3.26E+02   6.27E+00   2.82E-02   1.98E-06   8.63E-08   1.87E-08
   1.8     1.9    3.26E+02   6.27E+00   2.82E-02   1.98E-06   8.63E-08   1.87E-08
   1.9     2.0    3.26E+02   6.27E+00   2.82E-02   1.98E-06   8.63E-08   1.87E-08
   2.0     2.1    4.54E+02   7.37E+00   2.85E-02   1.98E-06   1.14E-07   1.99E-08
   2.1     2.2    4.54E+02   7.37E+00   2.85E-02   1.98E-06   1.14E-07   1.99E-08
   2.2     2.3    4.54E+02   7.37E+00   2.85E-02   1.98E-06   1.14E-07   1.99E-08
   2.3     2.4    4.54E+02   7.37E+00   2.85E-02   1.98E-06   1.14E-07   1.99E-08
   2.4     2.5    4.54E+02   7.37E+00   2.85E-02   1.98E-06   1.14E-07   1.99E-08
   2.5     2.6    4.54E+02   7.37E+00   2.85E-02   1.98E-06   1.14E-07   1.99E-08
   2.6     2.7    4.54E+02   7.37E+00   2.85E-02   1.98E-06   1.14E-07   1.99E-08
   2.7     2.8    4.54E+02   7.37E+00   2.85E-02   1.98E-06   1.14E-07   1.99E-08
   2.8     2.9    4.54E+02   7.37E+00   2.85E-02   1.98E-06   1.14E-07   1.99E-08
   2.9     3.0    4.54E+02   7.37E+00   2.85E-02   1.98E-06   1.14E-07   1.99E-08
   3.0     3.1    6.21E+02   1.37E+01   3.66E-02   5.14E-06   1.35E-07   2.63E-08
   3.1     3.2    6.21E+02   1.37E+01   3.66E-02   5.14E-06   1.35E-07   2.63E-08
   3.2     3.3    6.21E+02   1.37E+01   3.66E-02   5.14E-06   1.35E-07   2.63E-08
   3.3     3.4    6.21E+02   1.37E+01   3.66E-02   5.14E-06   1.35E-07   2.63E-08
   3.4     3.5    6.21E+02   1.37E+01   3.66E-02   5.14E-06   1.35E-07   2.63E-08
   3.5     3.6    6.21E+02   1.37E+01   3.66E-02   5.14E-06   1.35E-07   2.63E-08
   3.6     3.7    6.21E+02   1.37E+01   3.66E-02   5.14E-06   1.35E-07   2.63E-08
   3.7     3.8    6.21E+02   1.37E+01   3.66E-02   5.14E-06   1.35E-07   2.63E-08
   3.8     3.9    6.21E+02   1.37E+01   3.66E-02   5.14E-06   1.35E-07   2.63E-08
   3.9     4.0    6.21E+02   1.37E+01   3.66E-02   5.14E-06   1.35E-07   2.63E-08
   4.0     4.1    6.26E+02   1.24E+01   3.73E-02   3.83E-06   1.22E-07   2.46E-08
   4.1     4.2    6.26E+02   1.24E+01   3.73E-02   3.83E-06   1.22E-07   2.46E-08
   4.2     4.3    6.26E+02   1.24E+01   3.73E-02   3.83E-06   1.22E-07   2.46E-08
   4.3     4.4    6.26E+02   1.24E+01   3.73E-02   3.83E-06   1.22E-07   2.46E-08
   4.4     4.5    6.26E+02   1.24E+01   3.73E-02   3.83E-06   1.22E-07   2.46E-08
   4.5     4.6    6.26E+02   1.24E+01   3.73E-02   3.83E-06   1.22E-07   2.46E-08
   4.6     4.7    6.26E+02   1.24E+01   3.73E-02   3.83E-06   1.22E-07   2.46E-08
   4.7     4.8    6.26E+02   1.24E+01   3.73E-02   3.83E-06   1.22E-07   2.46E-08
   4.8     4.9    6.26E+02   1.24E+01   3.73E-02   3.83E-06   1.22E-07   2.46E-08
   4.9     5.0    6.26E+02   1.24E+01   3.73E-02   3.83E-06   1.22E-07   2.46E-08
   5.0     5.1    6.47E+02   1.36E+01   3.96E-02   3.60E-06   1.23E-07   2.52E-08
   5.1     5.2    6.47E+02   1.36E+01   3.96E-02   3.60E-06   1.23E-07   2.52E-08
   5.2     5.3    6.47E+02   1.36E+01   3.96E-02   3.60E-06   1.23E-07   2.52E-08
   5.3     5.4    6.47E+02   1.36E+01   3.96E-02   3.60E-06   1.23E-07   2.52E-08
   5.4     5.5    6.47E+02   1.36E+01   3.96E-02   3.60E-06   1.23E-07   2.52E-08
   5.5     5.6    6.47E+02   1.36E+01   3.96E-02   3.60E-06   1.23E-07   2.52E-08
   5.6     5.7    6.47E+02   1.36E+01   3.96E-02   3.60E-06   1.23E-07   2.52E-08
   5.7     5.8    6.47E+02   1.36E+01   3.96E-02   3.60E-06   1.23E-07   2.52E-08
   5.8     5.9    6.47E+02   1.36E+01   3.96E-02   3.60E-06   1.23E-07   2.52E-08
   5.9     6.0    6.47E+02   1.36E+01   3.96E-02   3.60E-06   1.23E-07   2.52E-08
   6.0     6.1    6.47E+02   1.34E+01   4.04E-02   3.84E-06   1.31E-07   2.65E-08
   6.1     6.2    6.47E+02   1.34E+01   4.04E-02   3.84E-06   1.31E-07   2.65E-08
   6.2     6.3    6.47E+02   1.34E+01   4.04E-02   3.84E-06   1.31E-07   2.65E-08
   6.3     6.4    6.47E+02   1.34E+01   4.04E-02   3.84E-06   1.31E-07   2.65E-08
   6.4     6.5    6.47E+02   1.34E+01   4.04E-02   3.84E-06   1.31E-07   2.65E-08
   6.5     6.6    6.47E+02   1.34E+01   4.04E-02   3.84E-06   1.31E-07   2.65E-08
   6.6     6.7    6.47E+02   1.34E+01   4.04E-02   3.84E-06   1.31E-07   2.65E-08
   6.7     6.8    6.47E+02   1.34E+01   4.04E-02   3.84E-06   1.31E-07   2.65E-08
   6.8     6.9    6.47E+02   1.34E+01   4.04E-02   3.84E-06   1.31E-07   2.65E-08
   6.9     7.0    6.47E+02   1.34E+01   4.04E-02   3.84E-06   1.31E-07   2.65E-08
   7.0     7.1    7.29E+02   1.54E+01   4.42E-02   4.23E-06   1.45E-07   2.97E-08
   7.1     7.2    7.29E+02   1.54E+01   4.42E-02   4.23E-06   1.45E-07   2.97E-08
   7.2     7.3    7.29E+02   1.54E+01   4.42E-02   4.23E-06   1.45E-07   2.97E-08
   7.3     7.4    7.29E+02   1.54E+01   4.42E-02   4.23E-06   1.45E-07   2.97E-08
   7.4     7.5    7.29E+02   1.54E+01   4.42E-02   4.23E-06   1.45E-07   2.97E-08
   7.5     7.6    7.29E+02   1.54E+01   4.42E-02   4.23E-06   1.45E-07   2.97E-08
   7.6     7.7    7.29E+02   1.54E+01   4.42E-02   4.23E-06   1.45E-07   2.97E-08
   7.7     7.8    7.29E+02   1.54E+01   4.42E-02   4.23E-06   1.45E-07   2.97E-08
   7.8     7.9    7.29E+02   1.54E+01   4.42E-02   4.23E-06   1.45E-07   2.97E-08
   7.9     8.0    7.29E+02   1.54E+01   4.42E-02   4.23E-06   1.45E-07   2.97E-08
   8.0     8.1    8.37E+02   1.74E+01   5.30E-02   4.57E-06   1.61E-07   3.47E-08
   8.1     8.2    8.37E+02   1.74E+01   5.30E-02   4.57E-06   1.61E-07   3.47E-08
   8.2     8.3    8.37E+02   1.74E+01   5.30E-02   4.57E-06   1.61E-07   3.47E-08
   8.3     8.4    8.37E+02   1.74E+01   5.30E-02   4.57E-06   1.61E-07   3.47E-08
   8.4     8.5    8.37E+02   1.74E+01   5.30E-02   4.57E-06   1.61E-07   3.47E-08
   8.5     8.6    8.37E+02   1.74E+01   5.30E-02   4.57E-06   1.61E-07   3.47E-08
   8.6     8.7    8.37E+02   1.74E+01   5.30E-02   4.57E-06   1.61E-07   3.47E-08
   8.7     8.8    8.37E+02   1.74E+01   5.30E-02   4.57E-06   1.61E-07   3.47E-08
   8.8     8.9    8.37E+02   1.74E+01   5.30E-02   4.57E-06   1.61E-07   3.47E-08
   8.9     9.0    8.37E+02   1.74E+01   5.30E-02   4.57E-06   1.61E-07   3.47E-08
   9.0     9.1    9.13E+02   1.89E+01   5.76E-02   5.21E-06   1.81E-07   3.80E-08
   9.1     9.2    9.13E+02   1.89E+01   5.76E-02   5.21E-06   1.81E-07   3.80E-08
   9.2     9.3    9.13E+02   1.89E+01   5.76E-02   5.21E-06   1.81E-07   3.80E-08
   9.3     9.4    9.13E+02   1.89E+01   5.76E-02   5.21E-06   1.81E-07   3.80E-08
   9.4     9.5    9.13E+02   1.89E+01   5.76E-02   5.21E-06   1.81E-07   3.80E-08
   9.5     9.6    9.13E+02   1.89E+01   5.76E-02   5.21E-06   1.81E-07   3.80E-08
   9.6     9.7    9.13E+02   1.89E+01   5.76E-02   5.21E-06   1.81E-07   3.80E-08
   9.7     9.8    9.13E+02   1.89E+01   5.76E-02   5.21E-06   1.81E-07   3.80E-08
   9.8     9.9    9.13E+02   1.89E+01   5.76E-02   5.21E-06   1.81E-07   3.80E-08
   9.9    10.0    9.13E+02   1.89E+01   5.76E-02   5.21E-06   1.81E-07   3.80E-08
  10.0    10.1    1.08E+03   2.24E+01   6.84E-02   6.28E-06   2.14E-07   4.49E-08
  10.1    10.2    1.08E+03   2.24E+01   6.84E-02   6.28E-06   2.14E-07   4.49E-08
  10.2    10.3    1.08E+03   2.24E+01   6.84E-02   6.28E-06   2.14E-07   4.49E-08
  10.3    10.4    1.08E+03   2.24E+01   6.84E-02   6.28E-06   2.14E-07   4.49E-08
  10.4    10.5    1.08E+03   2.24E+01   6.84E-02   6.28E-06   2.14E-07   4.49E-08
  10.5    10.6    1.08E+03   2.24E+01   6.84E-02   6.28E-06   2.14E-07   4.49E-08
  10.6    10.7    1.08E+03   2.24E+01   6.84E-02   6.28E-06   2.14E-07   4.49E-08
  10.7    10.8    1.08E+03   2.24E+01   6.84E-02   6.28E-06   2.14E-07   4.49E-08
  10.8    10.9    1.08E+03   2.24E+01   6.84E-02   6.28E-06   2.14E-07   4.49E-08
  10.9    11.0    1.08E+03   2.24E+01   6.84E-02   6.28E-06   2.14E-07   4.49E-08
  11.0    11.1    1.40E+03   2.88E+01   8.77E-02   7.86E-06   2.72E-07   5.90E-08
  11.1    11.2    1.40E+03   2.88E+01   8.77E-02   7.86E-06   2.72E-07   5.90E-08
  11.2    11.3    1.40E+03   2.88E+01   8.77E-02   7.86E-06   2.72E-07   5.90E-08
  11.3    11.4    1.40E+03   2.88E+01   8.77E-02   7.86E-06   2.72E-07   5.90E-08
  11.4    11.5    1.40E+03   2.88E+01   8.77E-02   7.86E-06   2.72E-07   5.90E-08
  11.5    11.6    1.40E+03   2.88E+01   8.77E-02   7.86E-06   2.72E-07   5.90E-08
  11.6    11.7    1.40E+03   2.88E+01   8.77E-02   7.86E-06   2.72E-07   5.90E-08
  11.7    11.8    1.40E+03   2.88E+01   8.77E-02   7.86E-06   2.72E-07   5.90E-08
  11.8    11.9    1.40E+03   2.88E+01   8.77E-02   7.86E-06   2.72E-07   5.90E-08
  11.9    12.0    1.40E+03   2.88E+01   8.77E-02   7.86E-06   2.72E-07   5.90E-08
  12.0    12.1    1.94E+03   4.10E+01   1.20E-01   1.09E-05   3.81E-07   8.04E-08
  12.1    12.2    1.94E+03   4.10E+01   1.20E-01   1.09E-05   3.81E-07   8.04E-08
  12.2    12.3    1.94E+03   4.10E+01   1.20E-01   1.09E-05   3.81E-07   8.04E-08
  12.3    12.4    1.94E+03   4.10E+01   1.20E-01   1.09E-05   3.81E-07   8.04E-08
  12.4    12.5    1.94E+03   4.10E+01   1.20E-01   1.09E-05   3.81E-07   8.04E-08
  12.5    12.6    1.94E+03   4.10E+01   1.20E-01   1.09E-05   3.81E-07   8.04E-08
  12.6    12.7    1.94E+03   4.10E+01   1.20E-01   1.09E-05   3.81E-07   8.04E-08
  12.7    12.8    1.94E+03   4.10E+01   1.20E-01   1.09E-05   3.81E-07   8.04E-08
  12.8    12.9    1.94E+03   4.10E+01   1.20E-01   1.09E-05   3.81E-07   8.04E-08
  12.9    13.0    1.94E+03   4.10E+01   1.20E-01   1.09E-05   3.81E-07   8.04E-08
  13.0    13.1    3.38E+03   7.18E+01   2.19E-01   2.00E-05   6.70E-07   1.40E-07
  13.1    13.2    3.38E+03   7.18E+01   2.19E-01   2.00E-05   6.70E-07   1.40E-07
  13.2    13.3    3.38E+03   7.18E+01   2.19E-01   2.00E-05   6.70E-07   1.40E-07
  13.3    13.4    3.38E+03   7.18E+01   2.19E-01   2.00E-05   6.70E-07   1.40E-07
  13.4    13.5    3.38E+03   7.18E+01   2.19E-01   2.00E-05   6.70E-07   1.40E-07
  13.5    13.6    3.38E+03   7.18E+01   2.19E-01   2.00E-05   6.70E-07   1.40E-07
  13.6    13.7    3.38E+03   7.18E+01   2.19E-01   2.00E-05   6.70E-07   1.40E-07
  13.7    13.8    3.38E+03   7.18E+01   2.19E-01   2.00E-05   6.70E-07   1.40E-07
  13.8    13.9    3.38E+03   7.18E+01   2.19E-01   2.00E-05   6.70E-07   1.40E-07
  13.9    14.0    3.38E+03   7.18E+01   2.19E-01   2.00E-05   6.70E-07   1.40E-07
  14.0    14.1    1.16E+04   2.28E+02   9.13E-01   6.68E-05   2.64E-06   5.07E-07
  14.1    14.2    1.16E+04   2.28E+02   9.13E-01   6.68E-05   2.64E-06   5.07E-07
  14.2    14.3    1.16E+04   2.28E+02   9.13E-01   6.68E-05   2.64E-06   5.07E-07
  14.3    14.4    1.16E+04   2.28E+02   9.13E-01   6.68E-05   2.64E-06   5.07E-07
  14.4    14.5    1.16E+04   2.28E+02   9.13E-01   6.68E-05   2.64E-06   5.07E-07
  14.5    14.6    1.16E+04   2.28E+02   9.13E-01   6.68E-05   2.64E-06   5.07E-07
  14.6    14.7    1.16E+04   2.28E+02   9.13E-01   6.68E-05   2.64E-06   5.07E-07
  14.7    14.8    1.16E+04   2.28E+02   9.13E-01   6.68E-05   2.64E-06   5.07E-07
  14.8    14.9    1.16E+04   2.28E+02   9.13E-01   6.68E-05   2.64E-06   5.07E-07
  14.9    15.0    1.16E+04   2.28E+02   9.13E-01   6.68E-05   2.64E-06   5.07E-07
  15.0    15.1    1.76E+02   1.33E+00   2.34E-03   1.51E-06   1.56E-08   1.65E-09
  15.1    15.2    1.76E+02   1.33E+00   2.34E-03   1.51E-06   1.56E-08   1.65E-09
  15.2    15.3    1.76E+02   1.33E+00   2.34E-03   1.51E-06   1.56E-08   1.65E-09
  15.3    15.4    1.76E+02   1.33E+00   2.34E-03   1.51E-06   1.56E-08   1.65E-09
  15.4    15.5    1.76E+02   1.33E+00   2.34E-03   1.51E-06   1.56E-08   1.65E-09
  15.5    15.6    1.76E+02   1.33E+00   2.34E-03   1.51E-06   1.56E-08   1.65E-09
  15.6    15.7    1.76E+02   1.33E+00   2.34E-03   1.51E-06   1.56E-08   1.65E-09
  15.7    15.8    1.76E+02   1.33E+00   2.34E-03   1.51E-06   1.56E-08   1.65E-09
  15.8    15.9    1.76E+02   1.33E+00   2.34E-03   1.51E-06   1.56E-08   1.65E-09
  15.9    16.0    1.76E+02   1.33E+00   2.34E-03   1.51E-06   1.56E-08   1.65E-09
  16.0    16.1    3.52E+01   4.68E-01   5.05E-04   1.54E-07   2.14E-09   4.17E-10
  16.1    16.2    3.52E+01   4.68E-01   5.05E-04   1.54E-07   2.14E-09   4.17E-10
  16.2    16.3    3.52E+01   4.68E-01   5.05E-04   1.54E-07   2.14E-09   4.17E-10
  16.3    16.4    3.52E+01   4.68E-01   5.05E-04   1.54E-07   2.14E-09   4.17E-10
  16.4    16.5    3.52E+01   4.68E-01   5.05E-04   1.54E-07   2.14E-09   4.17E-10
  16.5    16.6    3.52E+01   4.68E-01   5.05E-04   1.54E-07   2.14E-09   4.17E-10
  16.6    16.7    3.52E+01   4.68E-01   5.05E-04   1.54E-07   2.14E-09   4.17E-10
  16.7    16.8    3.52E+01   4.68E-01   5.05E-04   1.54E-07   2.14E-09   4.17E-10
  16.8    16.9    3.52E+01   4.68E-01   5.05E-04   1.54E-07   2.14E-09   4.17E-10
  16.9    17.0    3.52E+01   4.68E-01   5.05E-04   1.54E-07   2.14E-09   4.17E-10
  17.0    17.1    3.47E+00   1.17E-02   1.75E-05   2.63E-10   1.10E-11   1.10E-11
  17.1    17.2    3.47E+00   1.17E-02   1.75E-05   2.63E-10   1.10E-11   1.10E-11
  17.2    17.3    3.47E+00   1.17E-02   1.75E-05   2.63E-10   1.10E-11   1.10E-11
  17.3    17.4    3.47E+00   1.17E-02   1.75E-05   2.63E-10   1.10E-11   1.10E-11
  17.4    17.5    3.47E+00   1.17E-02   1.75E-05   2.63E-10   1.10E-11   1.10E-11
  17.5    17.6    3.47E+00   1.17E-02   1.75E-05   2.63E-10   1.10E-11   1.10E-11
  17.6    17.7    3.47E+00   1.17E-02   1.75E-05   2.63E-10   1.10E-11   1.10E-11
  17.7    17.8    3.47E+00   1.17E-02   1.75E-05   2.63E-10   1.10E-11   1.10E-11
  17.8    17.9    3.47E+00   1.17E-02   1.75E-05   2.63E-10   1.10E-11   1.10E-11
  17.9    18.0    3.47E+00   1.17E-02   1.75E-05   2.63E-10   1.10E-11   1.10E-11
  18.0    18.1    1.00E-99   1.00E-99   1.00E-99   1.00E-99   1.00E-99   1.00E-99
  18.1    18.2    1.00E-99   1.00E-99   1.00E-99   1.00E-99   1.00E-99   1.00E-99
  18.2    18.3    1.00E-99   1.00E-99   1.00E-99   1.00E-99   1.00E-99   1.00E-99
  18.3    18.4    1.00E-99   1.00E-99   1.00E-99   1.00E-99   1.00E-99   1.00E-99
  18.4    18.5    1.00E-99   1.00E-99   1.00E-99   1.00E-99   1.00E-99   1.00E-99
  18.5    18.6    1.00E-99   1.00E-99   1.00E-99   1.00E-99   1.00E-99   1.00E-99
  18.6    18.7    1.00E-99   1.00E-99   1.00E-99   1.00E-99   1.00E-99   1.00E-99
  18.7    18.8    1.00E-99   1.00E-99   1.00E-99   1.00E-99   1.00E-99   1.00E-99
  18.8    18.9    1.00E-99   1.00E-99   1.00E-99   1.00E-99   1.00E-99   1.00E-99
  18.9    19.0    1.00E-99   1.00E-99   1.00E-99   1.00E-99   1.00E-99   1.00E-99
  19.0    19.1    1.00E-99   1.00E-99   1.00E-99   1.00E-99   1.00E-99   1.00E-99
  19.1    19.2    1.00E-99   1.00E-99   1.00E-99   1.00E-99   1.00E-99   1.00E-99
  19.2    19.3    1.00E-99   1.00E-99   1.00E-99   1.00E-99   1.00E-99   1.00E-99
  19.3    19.4    1.00E-99   1.00E-99   1.00E-99   1.00E-99   1.00E-99   1.00E-99
  19.4    19.5    1.00E-99   1.00E-99   1.00E-99   1.00E-99   1.00E-99   1.00E-99
  19.5    19.6    1.00E-99   1.00E-99   1.00E-99   1.00E-99   1.00E-99   1.00E-99
  19.6    19.7    1.00E-99   1.00E-99   1.00E-99   1.00E-99   1.00E-99   1.00E-99
  19.7    19.8    1.00E-99   1.00E-99   1.00E-99   1.00E-99   1.00E-99   1.00E-99
  19.8    19.9    1.00E-99   1.00E-99   1.00E-99   1.00E-99   1.00E-99   1.00E-99
  19.9    20.0    1.00E-99   1.00E-99   1.00E-99   1.00E-99   1.00E-99   1.00E-99
  20.0    20.1    1.00E-99   1.00E-99   1.00E-99   1.00E-99   1.00E-99   1.00E-99
  20.1    20.2    1.00E-99   1.00E-99   1.00E-99   1.00E-99   1.00E-99   1.00E-99
  20.2    20.3    1.00E-99   1.00E-99   1.00E-99   1.00E-99   1.00E-99   1.00E-99
  20.3    20.4    1.00E-99   1.00E-99   1.00E-99   1.00E-99   1.00E-99   1.00E-99
  20.4    20.5    1.00E-99   1.00E-99   1.00E-99   1.00E-99   1.00E-99   1.00E-99
  20.5    20.6    1.00E-99   1.00E-99   1.00E-99   1.00E-99   1.00E-99   1.00E-99
  20.6    20.7    1.00E-99   1.00E-99   1.00E-99   1.00E-99   1.00E-99   1.00E-99
  20.7    20.8    1.00E-99   1.00E-99   1.00E-99   1.00E-99   1.00E-99   1.00E-99
  20.8    20.9    1.00E-99   1.00E-99   1.00E-99   1.00E-99   1.00E-99   1.00E-99
  20.9    21.0    1.00E-99   1.00E-99   1.00E-99   1.00E-99   1.00E-99   1.00E-99
  21.0    21.1    1.00E-99   1.00E-99   1.00E-99   1.00E-99   1.00E-99   1.00E-99
  21.1    21.2    1.00E-99   1.00E-99   1.00E-99   1.00E-99   1.00E-99   1.00E-99
  21.2    21.3    1.00E-99   1.00E-99   1.00E-99   1.00E-99   1.00E-99   1.00E-99
  21.3    21.4    1.00E-99   1.00E-99   1.00E-99   1.00E-99   1.00E-99   1.00E-99
  21.4    21.5    1.00E-99   1.00E-99   1.00E-99   1.00E-99   1.00E-99   1.00E-99
  21.5    21.6    1.00E-99   1.00E-99   1.00E-99   1.00E-99   1.00E-99   1.00E-99
  21.6    21.7    1.00E-99   1.00E-99   1.00E-99   1.00E-99   1.00E-99   1.00E-99
  21.7    21.8    1.00E-99   1.00E-99   1.00E-99   1.00E-99   1.00E-99   1.00E-99
  21.8    21.9    1.00E-99   1.00E-99   1.00E-99   1.00E-99   1.00E-99   1.00E-99
  21.9    22.0    1.00E-99   1.00E-99   1.00E-99   1.00E-99   1.00E-99   1.00E-99
  22.0    22.1    1.00E-99   1.00E-99   1.00E-99   1.00E-99   1.00E-99   1.00E-99
  22.1    22.2    1.00E-99   1.00E-99   1.00E-99   1.00E-99   1.00E-99   1.00E-99
  22.2    22.3    1.00E-99   1.00E-99   1.00E-99   1.00E-99   1.00E-99   1.00E-99
  22.3    22.4    1.00E-99   1.00E-99   1.00E-99   1.00E-99   1.00E-99   1.00E-99
  22.4    22.5    1.00E-99   1.00E-99   1.00E-99   1.00E-99   1.00E-99   1.00E-99
  22.5    22.6    1.00E-99   1.00E-99   1.00E-99   1.00E-99   1.00E-99   1.00E-99
  22.6    22.7    1.00E-99   1.00E-99   1.00E-99   1.00E-99   1.00E-99   1.00E-99
  22.7    22.8    1.00E-99   1.00E-99   1.00E-99   1.00E-99   1.00E-99   1.00E-99
  22.8    22.9    1.00E-99   1.00E-99   1.00E-99   1.00E-99   1.00E-99   1.00E-99
  22.9    23.0    1.00E-99   1.00E-99   1.00E-99   1.00E-99   1.00E-99   1.00E-99
