 ORDEM 3.2.0 -  ORDEM Spacecraft Mode
 Debris Flux (#/m^2/yr/deg)
  Year: 2024  Perigee Altitude =    550.000  Apogee Altitude =   550.000  inc =   89.00
 *
 *
 *
 *
 *
 *
 *
  Az 1    Az 2    >10um      >100um     >1mm       >1cm       >10cm      >1m
 ------  ------   --------   --------   --------   --------   --------   --------  
   Min.:          1.04E-02   6.10E-05   1.42E-07   9.58E-12   5.50E-13   1.68E-13
   Max.:          9.37E+01   4.09E-01   2.63E-03   5.17E-07   4.81E-08   1.78E-08
 ------  ------   --------   --------   --------   --------   --------   --------  
  -180    -179    1.05E-02   7.34E-05   1.43E-07   9.60E-12   5.50E-13   1.91E-13
  -179    -178    1.05E-02   7.34E-05   1.43E-07   9.60E-12   5.50E-13   1.91E-13
  -178    -177    1.05E-02   7.34E-05   1.43E-07   9.60E-12   5.50E-13   1.91E-13
  -177    -176    1.05E-02   7.34E-05   1.43E-07   9.60E-12   5.50E-13   1.91E-13
  -176    -175    1.05E-02   7.34E-05   1.43E-07   9.60E-12   5.50E-13   1.91E-13
  -175    -174    1.05E-02   7.34E-05   1.43E-07   9.60E-12   5.50E-13   1.91E-13
  -174    -173    1.05E-02   7.34E-05   1.43E-07   9.60E-12   5.50E-13   1.91E-13
  -173    -172    1.05E-02   7.34E-05   1.43E-07   9.60E-12   5.50E-13   1.91E-13
  -172    -171    1.05E-02   7.34E-05   1.43E-07   9.60E-12   5.50E-13   1.91E-13
  -171    -170    1.05E-02   7.34E-05   1.43E-07   9.60E-12   5.50E-13   1.91E-13
  -170    -169    1.25E-02   7.25E-05   2.24E-07   1.55E-11   1.13E-12   3.64E-13
  -169    -168    1.25E-02   7.25E-05   2.24E-07   1.55E-11   1.13E-12   3.64E-13
  -168    -167    1.25E-02   7.25E-05   2.24E-07   1.55E-11   1.13E-12   3.64E-13
  -167    -166    1.25E-02   7.25E-05   2.24E-07   1.55E-11   1.13E-12   3.64E-13
  -166    -165    1.25E-02   7.25E-05   2.24E-07   1.55E-11   1.13E-12   3.64E-13
  -165    -164    1.25E-02   7.25E-05   2.24E-07   1.55E-11   1.13E-12   3.64E-13
  -164    -163    1.25E-02   7.25E-05   2.24E-07   1.55E-11   1.13E-12   3.64E-13
  -163    -162    1.25E-02   7.25E-05   2.24E-07   1.55E-11   1.13E-12   3.64E-13
  -162    -161    1.25E-02   7.25E-05   2.24E-07   1.55E-11   1.13E-12   3.64E-13
  -161    -160    1.25E-02   7.25E-05   2.24E-07   1.55E-11   1.13E-12   3.64E-13
  -160    -159    1.63E-02   6.10E-05   1.49E-07   2.83E-11   6.82E-13   1.93E-13
  -159    -158    1.63E-02   6.10E-05   1.49E-07   2.83E-11   6.82E-13   1.93E-13
  -158    -157    1.63E-02   6.10E-05   1.49E-07   2.83E-11   6.82E-13   1.93E-13
  -157    -156    1.63E-02   6.10E-05   1.49E-07   2.83E-11   6.82E-13   1.93E-13
  -156    -155    1.63E-02   6.10E-05   1.49E-07   2.83E-11   6.82E-13   1.93E-13
  -155    -154    1.63E-02   6.10E-05   1.49E-07   2.83E-11   6.82E-13   1.93E-13
  -154    -153    1.63E-02   6.10E-05   1.49E-07   2.83E-11   6.82E-13   1.93E-13
  -153    -152    1.63E-02   6.10E-05   1.49E-07   2.83E-11   6.82E-13   1.93E-13
  -152    -151    1.63E-02   6.10E-05   1.49E-07   2.83E-11   6.82E-13   1.93E-13
  -151    -150    1.63E-02   6.10E-05   1.49E-07   2.83E-11   6.82E-13   1.93E-13
  -150    -149    2.84E-02   2.33E-04   2.35E-07   5.53E-11   1.07E-12   1.69E-13
  -149    -148    2.84E-02   2.33E-04   2.35E-07   5.53E-11   1.07E-12   1.69E-13
  -148    -147    2.84E-02   2.33E-04   2.35E-07   5.53E-11   1.07E-12   1.69E-13
  -147    -146    2.84E-02   2.33E-04   2.35E-07   5.53E-11   1.07E-12   1.69E-13
  -146    -145    2.84E-02   2.33E-04   2.35E-07   5.53E-11   1.07E-12   1.69E-13
  -145    -144    2.84E-02   2.33E-04   2.35E-07   5.53E-11   1.07E-12   1.69E-13
  -144    -143    2.84E-02   2.33E-04   2.35E-07   5.53E-11   1.07E-12   1.69E-13
  -143    -142    2.84E-02   2.33E-04   2.35E-07   5.53E-11   1.07E-12   1.69E-13
  -142    -141    2.84E-02   2.33E-04   2.35E-07   5.53E-11   1.07E-12   1.69E-13
  -141    -140    2.84E-02   2.33E-04   2.35E-07   5.53E-11   1.07E-12   1.69E-13
  -140    -139    4.81E-02   5.65E-04   6.84E-07   1.16E-10   1.62E-12   1.78E-13
  -139    -138    4.81E-02   5.65E-04   6.84E-07   1.16E-10   1.62E-12   1.78E-13
  -138    -137    4.81E-02   5.65E-04   6.84E-07   1.16E-10   1.62E-12   1.78E-13
  -137    -136    4.81E-02   5.65E-04   6.84E-07   1.16E-10   1.62E-12   1.78E-13
  -136    -135    4.81E-02   5.65E-04   6.84E-07   1.16E-10   1.62E-12   1.78E-13
  -135    -134    4.81E-02   5.65E-04   6.84E-07   1.16E-10   1.62E-12   1.78E-13
  -134    -133    4.81E-02   5.65E-04   6.84E-07   1.16E-10   1.62E-12   1.78E-13
  -133    -132    4.81E-02   5.65E-04   6.84E-07   1.16E-10   1.62E-12   1.78E-13
  -132    -131    4.81E-02   5.65E-04   6.84E-07   1.16E-10   1.62E-12   1.78E-13
  -131    -130    4.81E-02   5.65E-04   6.84E-07   1.16E-10   1.62E-12   1.78E-13
  -130    -129    6.27E-02   5.85E-04   8.26E-07   2.26E-10   3.90E-12   5.81E-13
  -129    -128    6.27E-02   5.85E-04   8.26E-07   2.26E-10   3.90E-12   5.81E-13
  -128    -127    6.27E-02   5.85E-04   8.26E-07   2.26E-10   3.90E-12   5.81E-13
  -127    -126    6.27E-02   5.85E-04   8.26E-07   2.26E-10   3.90E-12   5.81E-13
  -126    -125    6.27E-02   5.85E-04   8.26E-07   2.26E-10   3.90E-12   5.81E-13
  -125    -124    6.27E-02   5.85E-04   8.26E-07   2.26E-10   3.90E-12   5.81E-13
  -124    -123    6.27E-02   5.85E-04   8.26E-07   2.26E-10   3.90E-12   5.81E-13
  -123    -122    6.27E-02   5.85E-04   8.26E-07   2.26E-10   3.90E-12   5.81E-13
  -122    -121    6.27E-02   5.85E-04   8.26E-07   2.26E-10   3.90E-12   5.81E-13
  -121    -120    6.27E-02   5.85E-04   8.26E-07   2.26E-10   3.90E-12   5.81E-13
  -120    -119    8.94E-02   7.20E-04   1.10E-06   5.16E-10   9.54E-12   2.65E-12
  -119    -118    8.94E-02   7.20E-04   1.10E-06   5.16E-10   9.54E-12   2.65E-12
  -118    -117    8.94E-02   7.20E-04   1.10E-06   5.16E-10   9.54E-12   2.65E-12
  -117    -116    8.94E-02   7.20E-04   1.10E-06   5.16E-10   9.54E-12   2.65E-12
  -116    -115    8.94E-02   7.20E-04   1.10E-06   5.16E-10   9.54E-12   2.65E-12
  -115    -114    8.94E-02   7.20E-04   1.10E-06   5.16E-10   9.54E-12   2.65E-12
  -114    -113    8.94E-02   7.20E-04   1.10E-06   5.16E-10   9.54E-12   2.65E-12
  -113    -112    8.94E-02   7.20E-04   1.10E-06   5.16E-10   9.54E-12   2.65E-12
  -112    -111    8.94E-02   7.20E-04   1.10E-06   5.16E-10   9.54E-12   2.65E-12
  -111    -110    8.94E-02   7.20E-04   1.10E-06   5.16E-10   9.54E-12   2.65E-12
  -110    -109    2.77E-01   1.87E-03   4.41E-06   3.57E-09   5.89E-11   8.99E-12
  -109    -108    2.77E-01   1.87E-03   4.41E-06   3.57E-09   5.89E-11   8.99E-12
  -108    -107    2.77E-01   1.87E-03   4.41E-06   3.57E-09   5.89E-11   8.99E-12
  -107    -106    2.77E-01   1.87E-03   4.41E-06   3.57E-09   5.89E-11   8.99E-12
  -106    -105    2.77E-01   1.87E-03   4.41E-06   3.57E-09   5.89E-11   8.99E-12
  -105    -104    2.77E-01   1.87E-03   4.41E-06   3.57E-09   5.89E-11   8.99E-12
  -104    -103    2.77E-01   1.87E-03   4.41E-06   3.57E-09   5.89E-11   8.99E-12
  -103    -102    2.77E-01   1.87E-03   4.41E-06   3.57E-09   5.89E-11   8.99E-12
  -102    -101    2.77E-01   1.87E-03   4.41E-06   3.57E-09   5.89E-11   8.99E-12
  -101    -100    2.77E-01   1.87E-03   4.41E-06   3.57E-09   5.89E-11   8.99E-12
  -100     -99    1.27E+00   3.63E-03   1.23E-05   7.93E-09   1.69E-10   3.75E-11
   -99     -98    1.27E+00   3.63E-03   1.23E-05   7.93E-09   1.69E-10   3.75E-11
   -98     -97    1.27E+00   3.63E-03   1.23E-05   7.93E-09   1.69E-10   3.75E-11
   -97     -96    1.27E+00   3.63E-03   1.23E-05   7.93E-09   1.69E-10   3.75E-11
   -96     -95    1.27E+00   3.63E-03   1.23E-05   7.93E-09   1.69E-10   3.75E-11
   -95     -94    1.27E+00   3.63E-03   1.23E-05   7.93E-09   1.69E-10   3.75E-11
   -94     -93    1.27E+00   3.63E-03   1.23E-05   7.93E-09   1.69E-10   3.75E-11
   -93     -92    1.27E+00   3.63E-03   1.23E-05   7.93E-09   1.69E-10   3.75E-11
   -92     -91    1.27E+00   3.63E-03   1.23E-05   7.93E-09   1.69E-10   3.75E-11
   -91     -90    1.27E+00   3.63E-03   1.23E-05   7.93E-09   1.69E-10   3.75E-11
   -90     -89    1.08E+01   4.78E-02   3.00E-04   6.09E-08   5.06E-09   1.82E-09
   -89     -88    1.08E+01   4.78E-02   3.00E-04   6.09E-08   5.06E-09   1.82E-09
   -88     -87    1.08E+01   4.78E-02   3.00E-04   6.09E-08   5.06E-09   1.82E-09
   -87     -86    1.08E+01   4.78E-02   3.00E-04   6.09E-08   5.06E-09   1.82E-09
   -86     -85    1.08E+01   4.78E-02   3.00E-04   6.09E-08   5.06E-09   1.82E-09
   -85     -84    1.08E+01   4.78E-02   3.00E-04   6.09E-08   5.06E-09   1.82E-09
   -84     -83    1.08E+01   4.78E-02   3.00E-04   6.09E-08   5.06E-09   1.82E-09
   -83     -82    1.08E+01   4.78E-02   3.00E-04   6.09E-08   5.06E-09   1.82E-09
   -82     -81    1.08E+01   4.78E-02   3.00E-04   6.09E-08   5.06E-09   1.82E-09
   -81     -80    1.08E+01   4.78E-02   3.00E-04   6.09E-08   5.06E-09   1.82E-09
   -80     -79    1.86E+01   8.43E-02   4.78E-04   8.60E-08   7.56E-09   2.63E-09
   -79     -78    1.86E+01   8.43E-02   4.78E-04   8.60E-08   7.56E-09   2.63E-09
   -78     -77    1.86E+01   8.43E-02   4.78E-04   8.60E-08   7.56E-09   2.63E-09
   -77     -76    1.86E+01   8.43E-02   4.78E-04   8.60E-08   7.56E-09   2.63E-09
   -76     -75    1.86E+01   8.43E-02   4.78E-04   8.60E-08   7.56E-09   2.63E-09
   -75     -74    1.86E+01   8.43E-02   4.78E-04   8.60E-08   7.56E-09   2.63E-09
   -74     -73    1.86E+01   8.43E-02   4.78E-04   8.60E-08   7.56E-09   2.63E-09
   -73     -72    1.86E+01   8.43E-02   4.78E-04   8.60E-08   7.56E-09   2.63E-09
   -72     -71    1.86E+01   8.43E-02   4.78E-04   8.60E-08   7.56E-09   2.63E-09
   -71     -70    1.86E+01   8.43E-02   4.78E-04   8.60E-08   7.56E-09   2.63E-09
   -70     -69    2.01E+01   1.01E-01   5.44E-04   9.74E-08   8.08E-09   2.93E-09
   -69     -68    2.01E+01   1.01E-01   5.44E-04   9.74E-08   8.08E-09   2.93E-09
   -68     -67    2.01E+01   1.01E-01   5.44E-04   9.74E-08   8.08E-09   2.93E-09
   -67     -66    2.01E+01   1.01E-01   5.44E-04   9.74E-08   8.08E-09   2.93E-09
   -66     -65    2.01E+01   1.01E-01   5.44E-04   9.74E-08   8.08E-09   2.93E-09
   -65     -64    2.01E+01   1.01E-01   5.44E-04   9.74E-08   8.08E-09   2.93E-09
   -64     -63    2.01E+01   1.01E-01   5.44E-04   9.74E-08   8.08E-09   2.93E-09
   -63     -62    2.01E+01   1.01E-01   5.44E-04   9.74E-08   8.08E-09   2.93E-09
   -62     -61    2.01E+01   1.01E-01   5.44E-04   9.74E-08   8.08E-09   2.93E-09
   -61     -60    2.01E+01   1.01E-01   5.44E-04   9.74E-08   8.08E-09   2.93E-09
   -60     -59    2.50E+01   1.50E-01   8.12E-04   1.28E-07   9.60E-09   3.60E-09
   -59     -58    2.50E+01   1.50E-01   8.12E-04   1.28E-07   9.60E-09   3.60E-09
   -58     -57    2.50E+01   1.50E-01   8.12E-04   1.28E-07   9.60E-09   3.60E-09
   -57     -56    2.50E+01   1.50E-01   8.12E-04   1.28E-07   9.60E-09   3.60E-09
   -56     -55    2.50E+01   1.50E-01   8.12E-04   1.28E-07   9.60E-09   3.60E-09
   -55     -54    2.50E+01   1.50E-01   8.12E-04   1.28E-07   9.60E-09   3.60E-09
   -54     -53    2.50E+01   1.50E-01   8.12E-04   1.28E-07   9.60E-09   3.60E-09
   -53     -52    2.50E+01   1.50E-01   8.12E-04   1.28E-07   9.60E-09   3.60E-09
   -52     -51    2.50E+01   1.50E-01   8.12E-04   1.28E-07   9.60E-09   3.60E-09
   -51     -50    2.50E+01   1.50E-01   8.12E-04   1.28E-07   9.60E-09   3.60E-09
   -50     -49    2.71E+01   1.52E-01   8.23E-04   1.45E-07   1.17E-08   4.69E-09
   -49     -48    2.71E+01   1.52E-01   8.23E-04   1.45E-07   1.17E-08   4.69E-09
   -48     -47    2.71E+01   1.52E-01   8.23E-04   1.45E-07   1.17E-08   4.69E-09
   -47     -46    2.71E+01   1.52E-01   8.23E-04   1.45E-07   1.17E-08   4.69E-09
   -46     -45    2.71E+01   1.52E-01   8.23E-04   1.45E-07   1.17E-08   4.69E-09
   -45     -44    2.71E+01   1.52E-01   8.23E-04   1.45E-07   1.17E-08   4.69E-09
   -44     -43    2.71E+01   1.52E-01   8.23E-04   1.45E-07   1.17E-08   4.69E-09
   -43     -42    2.71E+01   1.52E-01   8.23E-04   1.45E-07   1.17E-08   4.69E-09
   -42     -41    2.71E+01   1.52E-01   8.23E-04   1.45E-07   1.17E-08   4.69E-09
   -41     -40    2.71E+01   1.52E-01   8.23E-04   1.45E-07   1.17E-08   4.69E-09
   -40     -39    3.35E+01   1.78E-01   9.21E-04   1.65E-07   1.33E-08   4.83E-09
   -39     -38    3.35E+01   1.78E-01   9.21E-04   1.65E-07   1.33E-08   4.83E-09
   -38     -37    3.35E+01   1.78E-01   9.21E-04   1.65E-07   1.33E-08   4.83E-09
   -37     -36    3.35E+01   1.78E-01   9.21E-04   1.65E-07   1.33E-08   4.83E-09
   -36     -35    3.35E+01   1.78E-01   9.21E-04   1.65E-07   1.33E-08   4.83E-09
   -35     -34    3.35E+01   1.78E-01   9.21E-04   1.65E-07   1.33E-08   4.83E-09
   -34     -33    3.35E+01   1.78E-01   9.21E-04   1.65E-07   1.33E-08   4.83E-09
   -33     -32    3.35E+01   1.78E-01   9.21E-04   1.65E-07   1.33E-08   4.83E-09
   -32     -31    3.35E+01   1.78E-01   9.21E-04   1.65E-07   1.33E-08   4.83E-09
   -31     -30    3.35E+01   1.78E-01   9.21E-04   1.65E-07   1.33E-08   4.83E-09
   -30     -29    4.39E+01   2.05E-01   1.12E-03   2.00E-07   1.73E-08   6.26E-09
   -29     -28    4.39E+01   2.05E-01   1.12E-03   2.00E-07   1.73E-08   6.26E-09
   -28     -27    4.39E+01   2.05E-01   1.12E-03   2.00E-07   1.73E-08   6.26E-09
   -27     -26    4.39E+01   2.05E-01   1.12E-03   2.00E-07   1.73E-08   6.26E-09
   -26     -25    4.39E+01   2.05E-01   1.12E-03   2.00E-07   1.73E-08   6.26E-09
   -25     -24    4.39E+01   2.05E-01   1.12E-03   2.00E-07   1.73E-08   6.26E-09
   -24     -23    4.39E+01   2.05E-01   1.12E-03   2.00E-07   1.73E-08   6.26E-09
   -23     -22    4.39E+01   2.05E-01   1.12E-03   2.00E-07   1.73E-08   6.26E-09
   -22     -21    4.39E+01   2.05E-01   1.12E-03   2.00E-07   1.73E-08   6.26E-09
   -21     -20    4.39E+01   2.05E-01   1.12E-03   2.00E-07   1.73E-08   6.26E-09
   -20     -19    7.10E+01   3.03E-01   1.81E-03   3.39E-07   2.91E-08   1.00E-08
   -19     -18    7.10E+01   3.03E-01   1.81E-03   3.39E-07   2.91E-08   1.00E-08
   -18     -17    7.10E+01   3.03E-01   1.81E-03   3.39E-07   2.91E-08   1.00E-08
   -17     -16    7.10E+01   3.03E-01   1.81E-03   3.39E-07   2.91E-08   1.00E-08
   -16     -15    7.10E+01   3.03E-01   1.81E-03   3.39E-07   2.91E-08   1.00E-08
   -15     -14    7.10E+01   3.03E-01   1.81E-03   3.39E-07   2.91E-08   1.00E-08
   -14     -13    7.10E+01   3.03E-01   1.81E-03   3.39E-07   2.91E-08   1.00E-08
   -13     -12    7.10E+01   3.03E-01   1.81E-03   3.39E-07   2.91E-08   1.00E-08
   -12     -11    7.10E+01   3.03E-01   1.81E-03   3.39E-07   2.91E-08   1.00E-08
   -11     -10    7.10E+01   3.03E-01   1.81E-03   3.39E-07   2.91E-08   1.00E-08
   -10      -9    9.37E+01   4.09E-01   2.62E-03   5.17E-07   4.80E-08   1.78E-08
    -9      -8    9.37E+01   4.09E-01   2.62E-03   5.17E-07   4.80E-08   1.78E-08
    -8      -7    9.37E+01   4.09E-01   2.62E-03   5.17E-07   4.80E-08   1.78E-08
    -7      -6    9.37E+01   4.09E-01   2.62E-03   5.17E-07   4.80E-08   1.78E-08
    -6      -5    9.37E+01   4.09E-01   2.62E-03   5.17E-07   4.80E-08   1.78E-08
    -5      -4    9.37E+01   4.09E-01   2.62E-03   5.17E-07   4.80E-08   1.78E-08
    -4      -3    9.37E+01   4.09E-01   2.62E-03   5.17E-07   4.80E-08   1.78E-08
    -3      -2    9.37E+01   4.09E-01   2.62E-03   5.17E-07   4.80E-08   1.78E-08
    -2      -1    9.37E+01   4.09E-01   2.62E-03   5.17E-07   4.80E-08   1.78E-08
    -1       0    9.37E+01   4.09E-01   2.62E-03   5.17E-07   4.80E-08   1.78E-08
     0       1    9.37E+01   4.09E-01   2.63E-03   5.17E-07   4.81E-08   1.78E-08
     1       2    9.37E+01   4.09E-01   2.63E-03   5.17E-07   4.81E-08   1.78E-08
     2       3    9.37E+01   4.09E-01   2.63E-03   5.17E-07   4.81E-08   1.78E-08
     3       4    9.37E+01   4.09E-01   2.63E-03   5.17E-07   4.81E-08   1.78E-08
     4       5    9.37E+01   4.09E-01   2.63E-03   5.17E-07   4.81E-08   1.78E-08
     5       6    9.37E+01   4.09E-01   2.63E-03   5.17E-07   4.81E-08   1.78E-08
     6       7    9.37E+01   4.09E-01   2.63E-03   5.17E-07   4.81E-08   1.78E-08
     7       8    9.37E+01   4.09E-01   2.63E-03   5.17E-07   4.81E-08   1.78E-08
     8       9    9.37E+01   4.09E-01   2.63E-03   5.17E-07   4.81E-08   1.78E-08
     9      10    9.37E+01   4.09E-01   2.63E-03   5.17E-07   4.81E-08   1.78E-08
    10      11    7.11E+01   3.04E-01   1.81E-03   3.39E-07   2.91E-08   1.01E-08
    11      12    7.11E+01   3.04E-01   1.81E-03   3.39E-07   2.91E-08   1.01E-08
    12      13    7.11E+01   3.04E-01   1.81E-03   3.39E-07   2.91E-08   1.01E-08
    13      14    7.11E+01   3.04E-01   1.81E-03   3.39E-07   2.91E-08   1.01E-08
    14      15    7.11E+01   3.04E-01   1.81E-03   3.39E-07   2.91E-08   1.01E-08
    15      16    7.11E+01   3.04E-01   1.81E-03   3.39E-07   2.91E-08   1.01E-08
    16      17    7.11E+01   3.04E-01   1.81E-03   3.39E-07   2.91E-08   1.01E-08
    17      18    7.11E+01   3.04E-01   1.81E-03   3.39E-07   2.91E-08   1.01E-08
    18      19    7.11E+01   3.04E-01   1.81E-03   3.39E-07   2.91E-08   1.01E-08
    19      20    7.11E+01   3.04E-01   1.81E-03   3.39E-07   2.91E-08   1.01E-08
    20      21    4.38E+01   2.05E-01   1.11E-03   2.00E-07   1.72E-08   6.24E-09
    21      22    4.38E+01   2.05E-01   1.11E-03   2.00E-07   1.72E-08   6.24E-09
    22      23    4.38E+01   2.05E-01   1.11E-03   2.00E-07   1.72E-08   6.24E-09
    23      24    4.38E+01   2.05E-01   1.11E-03   2.00E-07   1.72E-08   6.24E-09
    24      25    4.38E+01   2.05E-01   1.11E-03   2.00E-07   1.72E-08   6.24E-09
    25      26    4.38E+01   2.05E-01   1.11E-03   2.00E-07   1.72E-08   6.24E-09
    26      27    4.38E+01   2.05E-01   1.11E-03   2.00E-07   1.72E-08   6.24E-09
    27      28    4.38E+01   2.05E-01   1.11E-03   2.00E-07   1.72E-08   6.24E-09
    28      29    4.38E+01   2.05E-01   1.11E-03   2.00E-07   1.72E-08   6.24E-09
    29      30    4.38E+01   2.05E-01   1.11E-03   2.00E-07   1.72E-08   6.24E-09
    30      31    3.35E+01   1.78E-01   9.22E-04   1.65E-07   1.34E-08   4.85E-09
    31      32    3.35E+01   1.78E-01   9.22E-04   1.65E-07   1.34E-08   4.85E-09
    32      33    3.35E+01   1.78E-01   9.22E-04   1.65E-07   1.34E-08   4.85E-09
    33      34    3.35E+01   1.78E-01   9.22E-04   1.65E-07   1.34E-08   4.85E-09
    34      35    3.35E+01   1.78E-01   9.22E-04   1.65E-07   1.34E-08   4.85E-09
    35      36    3.35E+01   1.78E-01   9.22E-04   1.65E-07   1.34E-08   4.85E-09
    36      37    3.35E+01   1.78E-01   9.22E-04   1.65E-07   1.34E-08   4.85E-09
    37      38    3.35E+01   1.78E-01   9.22E-04   1.65E-07   1.34E-08   4.85E-09
    38      39    3.35E+01   1.78E-01   9.22E-04   1.65E-07   1.34E-08   4.85E-09
    39      40    3.35E+01   1.78E-01   9.22E-04   1.65E-07   1.34E-08   4.85E-09
    40      41    2.70E+01   1.51E-01   8.18E-04   1.44E-07   1.17E-08   4.67E-09
    41      42    2.70E+01   1.51E-01   8.18E-04   1.44E-07   1.17E-08   4.67E-09
    42      43    2.70E+01   1.51E-01   8.18E-04   1.44E-07   1.17E-08   4.67E-09
    43      44    2.70E+01   1.51E-01   8.18E-04   1.44E-07   1.17E-08   4.67E-09
    44      45    2.70E+01   1.51E-01   8.18E-04   1.44E-07   1.17E-08   4.67E-09
    45      46    2.70E+01   1.51E-01   8.18E-04   1.44E-07   1.17E-08   4.67E-09
    46      47    2.70E+01   1.51E-01   8.18E-04   1.44E-07   1.17E-08   4.67E-09
    47      48    2.70E+01   1.51E-01   8.18E-04   1.44E-07   1.17E-08   4.67E-09
    48      49    2.70E+01   1.51E-01   8.18E-04   1.44E-07   1.17E-08   4.67E-09
    49      50    2.70E+01   1.51E-01   8.18E-04   1.44E-07   1.17E-08   4.67E-09
    50      51    2.50E+01   1.50E-01   8.13E-04   1.28E-07   9.59E-09   3.59E-09
    51      52    2.50E+01   1.50E-01   8.13E-04   1.28E-07   9.59E-09   3.59E-09
    52      53    2.50E+01   1.50E-01   8.13E-04   1.28E-07   9.59E-09   3.59E-09
    53      54    2.50E+01   1.50E-01   8.13E-04   1.28E-07   9.59E-09   3.59E-09
    54      55    2.50E+01   1.50E-01   8.13E-04   1.28E-07   9.59E-09   3.59E-09
    55      56    2.50E+01   1.50E-01   8.13E-04   1.28E-07   9.59E-09   3.59E-09
    56      57    2.50E+01   1.50E-01   8.13E-04   1.28E-07   9.59E-09   3.59E-09
    57      58    2.50E+01   1.50E-01   8.13E-04   1.28E-07   9.59E-09   3.59E-09
    58      59    2.50E+01   1.50E-01   8.13E-04   1.28E-07   9.59E-09   3.59E-09
    59      60    2.50E+01   1.50E-01   8.13E-04   1.28E-07   9.59E-09   3.59E-09
    60      61    2.01E+01   1.00E-01   5.43E-04   9.71E-08   8.07E-09   2.93E-09
    61      62    2.01E+01   1.00E-01   5.43E-04   9.71E-08   8.07E-09   2.93E-09
    62      63    2.01E+01   1.00E-01   5.43E-04   9.71E-08   8.07E-09   2.93E-09
    63      64    2.01E+01   1.00E-01   5.43E-04   9.71E-08   8.07E-09   2.93E-09
    64      65    2.01E+01   1.00E-01   5.43E-04   9.71E-08   8.07E-09   2.93E-09
    65      66    2.01E+01   1.00E-01   5.43E-04   9.71E-08   8.07E-09   2.93E-09
    66      67    2.01E+01   1.00E-01   5.43E-04   9.71E-08   8.07E-09   2.93E-09
    67      68    2.01E+01   1.00E-01   5.43E-04   9.71E-08   8.07E-09   2.93E-09
    68      69    2.01E+01   1.00E-01   5.43E-04   9.71E-08   8.07E-09   2.93E-09
    69      70    2.01E+01   1.00E-01   5.43E-04   9.71E-08   8.07E-09   2.93E-09
    70      71    1.86E+01   8.44E-02   4.78E-04   8.61E-08   7.56E-09   2.63E-09
    71      72    1.86E+01   8.44E-02   4.78E-04   8.61E-08   7.56E-09   2.63E-09
    72      73    1.86E+01   8.44E-02   4.78E-04   8.61E-08   7.56E-09   2.63E-09
    73      74    1.86E+01   8.44E-02   4.78E-04   8.61E-08   7.56E-09   2.63E-09
    74      75    1.86E+01   8.44E-02   4.78E-04   8.61E-08   7.56E-09   2.63E-09
    75      76    1.86E+01   8.44E-02   4.78E-04   8.61E-08   7.56E-09   2.63E-09
    76      77    1.86E+01   8.44E-02   4.78E-04   8.61E-08   7.56E-09   2.63E-09
    77      78    1.86E+01   8.44E-02   4.78E-04   8.61E-08   7.56E-09   2.63E-09
    78      79    1.86E+01   8.44E-02   4.78E-04   8.61E-08   7.56E-09   2.63E-09
    79      80    1.86E+01   8.44E-02   4.78E-04   8.61E-08   7.56E-09   2.63E-09
    80      81    1.08E+01   4.78E-02   2.99E-04   6.09E-08   5.07E-09   1.82E-09
    81      82    1.08E+01   4.78E-02   2.99E-04   6.09E-08   5.07E-09   1.82E-09
    82      83    1.08E+01   4.78E-02   2.99E-04   6.09E-08   5.07E-09   1.82E-09
    83      84    1.08E+01   4.78E-02   2.99E-04   6.09E-08   5.07E-09   1.82E-09
    84      85    1.08E+01   4.78E-02   2.99E-04   6.09E-08   5.07E-09   1.82E-09
    85      86    1.08E+01   4.78E-02   2.99E-04   6.09E-08   5.07E-09   1.82E-09
    86      87    1.08E+01   4.78E-02   2.99E-04   6.09E-08   5.07E-09   1.82E-09
    87      88    1.08E+01   4.78E-02   2.99E-04   6.09E-08   5.07E-09   1.82E-09
    88      89    1.08E+01   4.78E-02   2.99E-04   6.09E-08   5.07E-09   1.82E-09
    89      90    1.08E+01   4.78E-02   2.99E-04   6.09E-08   5.07E-09   1.82E-09
    90      91    1.26E+00   3.63E-03   1.22E-05   7.93E-09   1.69E-10   3.72E-11
    91      92    1.26E+00   3.63E-03   1.22E-05   7.93E-09   1.69E-10   3.72E-11
    92      93    1.26E+00   3.63E-03   1.22E-05   7.93E-09   1.69E-10   3.72E-11
    93      94    1.26E+00   3.63E-03   1.22E-05   7.93E-09   1.69E-10   3.72E-11
    94      95    1.26E+00   3.63E-03   1.22E-05   7.93E-09   1.69E-10   3.72E-11
    95      96    1.26E+00   3.63E-03   1.22E-05   7.93E-09   1.69E-10   3.72E-11
    96      97    1.26E+00   3.63E-03   1.22E-05   7.93E-09   1.69E-10   3.72E-11
    97      98    1.26E+00   3.63E-03   1.22E-05   7.93E-09   1.69E-10   3.72E-11
    98      99    1.26E+00   3.63E-03   1.22E-05   7.93E-09   1.69E-10   3.72E-11
    99     100    1.26E+00   3.63E-03   1.22E-05   7.93E-09   1.69E-10   3.72E-11
   100     101    2.78E-01   1.87E-03   4.42E-06   3.58E-09   5.91E-11   9.04E-12
   101     102    2.78E-01   1.87E-03   4.42E-06   3.58E-09   5.91E-11   9.04E-12
   102     103    2.78E-01   1.87E-03   4.42E-06   3.58E-09   5.91E-11   9.04E-12
   103     104    2.78E-01   1.87E-03   4.42E-06   3.58E-09   5.91E-11   9.04E-12
   104     105    2.78E-01   1.87E-03   4.42E-06   3.58E-09   5.91E-11   9.04E-12
   105     106    2.78E-01   1.87E-03   4.42E-06   3.58E-09   5.91E-11   9.04E-12
   106     107    2.78E-01   1.87E-03   4.42E-06   3.58E-09   5.91E-11   9.04E-12
   107     108    2.78E-01   1.87E-03   4.42E-06   3.58E-09   5.91E-11   9.04E-12
   108     109    2.78E-01   1.87E-03   4.42E-06   3.58E-09   5.91E-11   9.04E-12
   109     110    2.78E-01   1.87E-03   4.42E-06   3.58E-09   5.91E-11   9.04E-12
   110     111    8.96E-02   7.22E-04   1.10E-06   5.15E-10   9.38E-12   2.61E-12
   111     112    8.96E-02   7.22E-04   1.10E-06   5.15E-10   9.38E-12   2.61E-12
   112     113    8.96E-02   7.22E-04   1.10E-06   5.15E-10   9.38E-12   2.61E-12
   113     114    8.96E-02   7.22E-04   1.10E-06   5.15E-10   9.38E-12   2.61E-12
   114     115    8.96E-02   7.22E-04   1.10E-06   5.15E-10   9.38E-12   2.61E-12
   115     116    8.96E-02   7.22E-04   1.10E-06   5.15E-10   9.38E-12   2.61E-12
   116     117    8.96E-02   7.22E-04   1.10E-06   5.15E-10   9.38E-12   2.61E-12
   117     118    8.96E-02   7.22E-04   1.10E-06   5.15E-10   9.38E-12   2.61E-12
   118     119    8.96E-02   7.22E-04   1.10E-06   5.15E-10   9.38E-12   2.61E-12
   119     120    8.96E-02   7.22E-04   1.10E-06   5.15E-10   9.38E-12   2.61E-12
   120     121    6.27E-02   5.89E-04   8.33E-07   2.26E-10   3.94E-12   5.85E-13
   121     122    6.27E-02   5.89E-04   8.33E-07   2.26E-10   3.94E-12   5.85E-13
   122     123    6.27E-02   5.89E-04   8.33E-07   2.26E-10   3.94E-12   5.85E-13
   123     124    6.27E-02   5.89E-04   8.33E-07   2.26E-10   3.94E-12   5.85E-13
   124     125    6.27E-02   5.89E-04   8.33E-07   2.26E-10   3.94E-12   5.85E-13
   125     126    6.27E-02   5.89E-04   8.33E-07   2.26E-10   3.94E-12   5.85E-13
   126     127    6.27E-02   5.89E-04   8.33E-07   2.26E-10   3.94E-12   5.85E-13
   127     128    6.27E-02   5.89E-04   8.33E-07   2.26E-10   3.94E-12   5.85E-13
   128     129    6.27E-02   5.89E-04   8.33E-07   2.26E-10   3.94E-12   5.85E-13
   129     130    6.27E-02   5.89E-04   8.33E-07   2.26E-10   3.94E-12   5.85E-13
   130     131    4.82E-02   5.63E-04   6.79E-07   1.16E-10   1.63E-12   1.87E-13
   131     132    4.82E-02   5.63E-04   6.79E-07   1.16E-10   1.63E-12   1.87E-13
   132     133    4.82E-02   5.63E-04   6.79E-07   1.16E-10   1.63E-12   1.87E-13
   133     134    4.82E-02   5.63E-04   6.79E-07   1.16E-10   1.63E-12   1.87E-13
   134     135    4.82E-02   5.63E-04   6.79E-07   1.16E-10   1.63E-12   1.87E-13
   135     136    4.82E-02   5.63E-04   6.79E-07   1.16E-10   1.63E-12   1.87E-13
   136     137    4.82E-02   5.63E-04   6.79E-07   1.16E-10   1.63E-12   1.87E-13
   137     138    4.82E-02   5.63E-04   6.79E-07   1.16E-10   1.63E-12   1.87E-13
   138     139    4.82E-02   5.63E-04   6.79E-07   1.16E-10   1.63E-12   1.87E-13
   139     140    4.82E-02   5.63E-04   6.79E-07   1.16E-10   1.63E-12   1.87E-13
   140     141    2.84E-02   2.33E-04   2.35E-07   5.54E-11   1.06E-12   1.68E-13
   141     142    2.84E-02   2.33E-04   2.35E-07   5.54E-11   1.06E-12   1.68E-13
   142     143    2.84E-02   2.33E-04   2.35E-07   5.54E-11   1.06E-12   1.68E-13
   143     144    2.84E-02   2.33E-04   2.35E-07   5.54E-11   1.06E-12   1.68E-13
   144     145    2.84E-02   2.33E-04   2.35E-07   5.54E-11   1.06E-12   1.68E-13
   145     146    2.84E-02   2.33E-04   2.35E-07   5.54E-11   1.06E-12   1.68E-13
   146     147    2.84E-02   2.33E-04   2.35E-07   5.54E-11   1.06E-12   1.68E-13
   147     148    2.84E-02   2.33E-04   2.35E-07   5.54E-11   1.06E-12   1.68E-13
   148     149    2.84E-02   2.33E-04   2.35E-07   5.54E-11   1.06E-12   1.68E-13
   149     150    2.84E-02   2.33E-04   2.35E-07   5.54E-11   1.06E-12   1.68E-13
   150     151    1.63E-02   6.14E-05   1.49E-07   2.82E-11   6.84E-13   1.91E-13
   151     152    1.63E-02   6.14E-05   1.49E-07   2.82E-11   6.84E-13   1.91E-13
   152     153    1.63E-02   6.14E-05   1.49E-07   2.82E-11   6.84E-13   1.91E-13
   153     154    1.63E-02   6.14E-05   1.49E-07   2.82E-11   6.84E-13   1.91E-13
   154     155    1.63E-02   6.14E-05   1.49E-07   2.82E-11   6.84E-13   1.91E-13
   155     156    1.63E-02   6.14E-05   1.49E-07   2.82E-11   6.84E-13   1.91E-13
   156     157    1.63E-02   6.14E-05   1.49E-07   2.82E-11   6.84E-13   1.91E-13
   157     158    1.63E-02   6.14E-05   1.49E-07   2.82E-11   6.84E-13   1.91E-13
   158     159    1.63E-02   6.14E-05   1.49E-07   2.82E-11   6.84E-13   1.91E-13
   159     160    1.63E-02   6.14E-05   1.49E-07   2.82E-11   6.84E-13   1.91E-13
   160     161    1.25E-02   7.26E-05   2.26E-07   1.55E-11   1.14E-12   3.66E-13
   161     162    1.25E-02   7.26E-05   2.26E-07   1.55E-11   1.14E-12   3.66E-13
   162     163    1.25E-02   7.26E-05   2.26E-07   1.55E-11   1.14E-12   3.66E-13
   163     164    1.25E-02   7.26E-05   2.26E-07   1.55E-11   1.14E-12   3.66E-13
   164     165    1.25E-02   7.26E-05   2.26E-07   1.55E-11   1.14E-12   3.66E-13
   165     166    1.25E-02   7.26E-05   2.26E-07   1.55E-11   1.14E-12   3.66E-13
   166     167    1.25E-02   7.26E-05   2.26E-07   1.55E-11   1.14E-12   3.66E-13
   167     168    1.25E-02   7.26E-05   2.26E-07   1.55E-11   1.14E-12   3.66E-13
   168     169    1.25E-02   7.26E-05   2.26E-07   1.55E-11   1.14E-12   3.66E-13
   169     170    1.25E-02   7.26E-05   2.26E-07   1.55E-11   1.14E-12   3.66E-13
   170     171    1.04E-02   7.33E-05   1.42E-07   9.58E-12   5.51E-13   1.91E-13
   171     172    1.04E-02   7.33E-05   1.42E-07   9.58E-12   5.51E-13   1.91E-13
   172     173    1.04E-02   7.33E-05   1.42E-07   9.58E-12   5.51E-13   1.91E-13
   173     174    1.04E-02   7.33E-05   1.42E-07   9.58E-12   5.51E-13   1.91E-13
   174     175    1.04E-02   7.33E-05   1.42E-07   9.58E-12   5.51E-13   1.91E-13
   175     176    1.04E-02   7.33E-05   1.42E-07   9.58E-12   5.51E-13   1.91E-13
   176     177    1.04E-02   7.33E-05   1.42E-07   9.58E-12   5.51E-13   1.91E-13
   177     178    1.04E-02   7.33E-05   1.42E-07   9.58E-12   5.51E-13   1.91E-13
   178     179    1.04E-02   7.33E-05   1.42E-07   9.58E-12   5.51E-13   1.91E-13
   179     180    1.04E-02   7.33E-05   1.42E-07   9.58E-12   5.51E-13   1.91E-13
