 ORDEM 3.2.0 -  ORDEM Spacecraft Mode
 Debris Flux (#/m^2/yr/kps)
  Year: 2024  Perigee Altitude =    550.000  Apogee Altitude =   550.000  inc =   89.00
 *
 *
 *
 *
 *
 *
 *
 Vel 1   Vel 2    >10um      >100um     >1mm       >1cm       >10cm      >1m
 ------  ------   --------   --------   --------   --------   --------   --------  
   Min.:          7.94E+00   4.00E-02   1.48E-04   5.05E-09   7.65E-10   3.02E-10
   Max.:          1.84E+03   8.21E+00   5.10E-02   9.93E-06   8.73E-07   3.23E-07
 ------  ------   --------   --------   --------   --------   --------   --------  
   0.0     0.1    1.90E+01   8.20E-02   3.36E-04   8.71E-08   4.37E-09   1.72E-09
   0.1     0.2    1.90E+01   8.20E-02   3.36E-04   8.71E-08   4.37E-09   1.72E-09
   0.2     0.3    1.90E+01   8.20E-02   3.36E-04   8.71E-08   4.37E-09   1.72E-09
   0.3     0.4    1.90E+01   8.20E-02   3.36E-04   8.71E-08   4.37E-09   1.72E-09
   0.4     0.5    1.90E+01   8.20E-02   3.36E-04   8.71E-08   4.37E-09   1.72E-09
   0.5     0.6    1.90E+01   8.20E-02   3.36E-04   8.71E-08   4.37E-09   1.72E-09
   0.6     0.7    1.90E+01   8.20E-02   3.36E-04   8.71E-08   4.37E-09   1.72E-09
   0.7     0.8    1.90E+01   8.20E-02   3.36E-04   8.71E-08   4.37E-09   1.72E-09
   0.8     0.9    1.90E+01   8.20E-02   3.36E-04   8.71E-08   4.37E-09   1.72E-09
   0.9     1.0    1.90E+01   8.20E-02   3.36E-04   8.71E-08   4.37E-09   1.72E-09
   1.0     1.1    1.00E+02   4.44E-01   2.84E-03   6.08E-07   5.83E-08   2.21E-08
   1.1     1.2    1.00E+02   4.44E-01   2.84E-03   6.08E-07   5.83E-08   2.21E-08
   1.2     1.3    1.00E+02   4.44E-01   2.84E-03   6.08E-07   5.83E-08   2.21E-08
   1.3     1.4    1.00E+02   4.44E-01   2.84E-03   6.08E-07   5.83E-08   2.21E-08
   1.4     1.5    1.00E+02   4.44E-01   2.84E-03   6.08E-07   5.83E-08   2.21E-08
   1.5     1.6    1.00E+02   4.44E-01   2.84E-03   6.08E-07   5.83E-08   2.21E-08
   1.6     1.7    1.00E+02   4.44E-01   2.84E-03   6.08E-07   5.83E-08   2.21E-08
   1.7     1.8    1.00E+02   4.44E-01   2.84E-03   6.08E-07   5.83E-08   2.21E-08
   1.8     1.9    1.00E+02   4.44E-01   2.84E-03   6.08E-07   5.83E-08   2.21E-08
   1.9     2.0    1.00E+02   4.44E-01   2.84E-03   6.08E-07   5.83E-08   2.21E-08
   2.0     2.1    1.27E+02   5.05E-01   3.60E-03   6.14E-07   5.28E-08   1.89E-08
   2.1     2.2    1.27E+02   5.05E-01   3.60E-03   6.14E-07   5.28E-08   1.89E-08
   2.2     2.3    1.27E+02   5.05E-01   3.60E-03   6.14E-07   5.28E-08   1.89E-08
   2.3     2.4    1.27E+02   5.05E-01   3.60E-03   6.14E-07   5.28E-08   1.89E-08
   2.4     2.5    1.27E+02   5.05E-01   3.60E-03   6.14E-07   5.28E-08   1.89E-08
   2.5     2.6    1.27E+02   5.05E-01   3.60E-03   6.14E-07   5.28E-08   1.89E-08
   2.6     2.7    1.27E+02   5.05E-01   3.60E-03   6.14E-07   5.28E-08   1.89E-08
   2.7     2.8    1.27E+02   5.05E-01   3.60E-03   6.14E-07   5.28E-08   1.89E-08
   2.8     2.9    1.27E+02   5.05E-01   3.60E-03   6.14E-07   5.28E-08   1.89E-08
   2.9     3.0    1.27E+02   5.05E-01   3.60E-03   6.14E-07   5.28E-08   1.89E-08
   3.0     3.1    1.48E+02   6.37E-01   3.65E-03   6.93E-07   6.21E-08   2.09E-08
   3.1     3.2    1.48E+02   6.37E-01   3.65E-03   6.93E-07   6.21E-08   2.09E-08
   3.2     3.3    1.48E+02   6.37E-01   3.65E-03   6.93E-07   6.21E-08   2.09E-08
   3.3     3.4    1.48E+02   6.37E-01   3.65E-03   6.93E-07   6.21E-08   2.09E-08
   3.4     3.5    1.48E+02   6.37E-01   3.65E-03   6.93E-07   6.21E-08   2.09E-08
   3.5     3.6    1.48E+02   6.37E-01   3.65E-03   6.93E-07   6.21E-08   2.09E-08
   3.6     3.7    1.48E+02   6.37E-01   3.65E-03   6.93E-07   6.21E-08   2.09E-08
   3.7     3.8    1.48E+02   6.37E-01   3.65E-03   6.93E-07   6.21E-08   2.09E-08
   3.8     3.9    1.48E+02   6.37E-01   3.65E-03   6.93E-07   6.21E-08   2.09E-08
   3.9     4.0    1.48E+02   6.37E-01   3.65E-03   6.93E-07   6.21E-08   2.09E-08
   4.0     4.1    1.50E+02   6.60E-01   3.62E-03   7.14E-07   5.97E-08   2.04E-08
   4.1     4.2    1.50E+02   6.60E-01   3.62E-03   7.14E-07   5.97E-08   2.04E-08
   4.2     4.3    1.50E+02   6.60E-01   3.62E-03   7.14E-07   5.97E-08   2.04E-08
   4.3     4.4    1.50E+02   6.60E-01   3.62E-03   7.14E-07   5.97E-08   2.04E-08
   4.4     4.5    1.50E+02   6.60E-01   3.62E-03   7.14E-07   5.97E-08   2.04E-08
   4.5     4.6    1.50E+02   6.60E-01   3.62E-03   7.14E-07   5.97E-08   2.04E-08
   4.6     4.7    1.50E+02   6.60E-01   3.62E-03   7.14E-07   5.97E-08   2.04E-08
   4.7     4.8    1.50E+02   6.60E-01   3.62E-03   7.14E-07   5.97E-08   2.04E-08
   4.8     4.9    1.50E+02   6.60E-01   3.62E-03   7.14E-07   5.97E-08   2.04E-08
   4.9     5.0    1.50E+02   6.60E-01   3.62E-03   7.14E-07   5.97E-08   2.04E-08
   5.0     5.1    1.61E+02   7.47E-01   3.97E-03   7.21E-07   6.15E-08   2.18E-08
   5.1     5.2    1.61E+02   7.47E-01   3.97E-03   7.21E-07   6.15E-08   2.18E-08
   5.2     5.3    1.61E+02   7.47E-01   3.97E-03   7.21E-07   6.15E-08   2.18E-08
   5.3     5.4    1.61E+02   7.47E-01   3.97E-03   7.21E-07   6.15E-08   2.18E-08
   5.4     5.5    1.61E+02   7.47E-01   3.97E-03   7.21E-07   6.15E-08   2.18E-08
   5.5     5.6    1.61E+02   7.47E-01   3.97E-03   7.21E-07   6.15E-08   2.18E-08
   5.6     5.7    1.61E+02   7.47E-01   3.97E-03   7.21E-07   6.15E-08   2.18E-08
   5.7     5.8    1.61E+02   7.47E-01   3.97E-03   7.21E-07   6.15E-08   2.18E-08
   5.8     5.9    1.61E+02   7.47E-01   3.97E-03   7.21E-07   6.15E-08   2.18E-08
   5.9     6.0    1.61E+02   7.47E-01   3.97E-03   7.21E-07   6.15E-08   2.18E-08
   6.0     6.1    1.63E+02   7.76E-01   4.27E-03   7.61E-07   6.60E-08   2.46E-08
   6.1     6.2    1.63E+02   7.76E-01   4.27E-03   7.61E-07   6.60E-08   2.46E-08
   6.2     6.3    1.63E+02   7.76E-01   4.27E-03   7.61E-07   6.60E-08   2.46E-08
   6.3     6.4    1.63E+02   7.76E-01   4.27E-03   7.61E-07   6.60E-08   2.46E-08
   6.4     6.5    1.63E+02   7.76E-01   4.27E-03   7.61E-07   6.60E-08   2.46E-08
   6.5     6.6    1.63E+02   7.76E-01   4.27E-03   7.61E-07   6.60E-08   2.46E-08
   6.6     6.7    1.63E+02   7.76E-01   4.27E-03   7.61E-07   6.60E-08   2.46E-08
   6.7     6.8    1.63E+02   7.76E-01   4.27E-03   7.61E-07   6.60E-08   2.46E-08
   6.8     6.9    1.63E+02   7.76E-01   4.27E-03   7.61E-07   6.60E-08   2.46E-08
   6.9     7.0    1.63E+02   7.76E-01   4.27E-03   7.61E-07   6.60E-08   2.46E-08
   7.0     7.1    1.80E+02   9.27E-01   4.87E-03   8.96E-07   7.50E-08   2.67E-08
   7.1     7.2    1.80E+02   9.27E-01   4.87E-03   8.96E-07   7.50E-08   2.67E-08
   7.2     7.3    1.80E+02   9.27E-01   4.87E-03   8.96E-07   7.50E-08   2.67E-08
   7.3     7.4    1.80E+02   9.27E-01   4.87E-03   8.96E-07   7.50E-08   2.67E-08
   7.4     7.5    1.80E+02   9.27E-01   4.87E-03   8.96E-07   7.50E-08   2.67E-08
   7.5     7.6    1.80E+02   9.27E-01   4.87E-03   8.96E-07   7.50E-08   2.67E-08
   7.6     7.7    1.80E+02   9.27E-01   4.87E-03   8.96E-07   7.50E-08   2.67E-08
   7.7     7.8    1.80E+02   9.27E-01   4.87E-03   8.96E-07   7.50E-08   2.67E-08
   7.8     7.9    1.80E+02   9.27E-01   4.87E-03   8.96E-07   7.50E-08   2.67E-08
   7.9     8.0    1.80E+02   9.27E-01   4.87E-03   8.96E-07   7.50E-08   2.67E-08
   8.0     8.1    2.13E+02   1.12E+00   5.85E-03   9.96E-07   8.44E-08   3.11E-08
   8.1     8.2    2.13E+02   1.12E+00   5.85E-03   9.96E-07   8.44E-08   3.11E-08
   8.2     8.3    2.13E+02   1.12E+00   5.85E-03   9.96E-07   8.44E-08   3.11E-08
   8.3     8.4    2.13E+02   1.12E+00   5.85E-03   9.96E-07   8.44E-08   3.11E-08
   8.4     8.5    2.13E+02   1.12E+00   5.85E-03   9.96E-07   8.44E-08   3.11E-08
   8.5     8.6    2.13E+02   1.12E+00   5.85E-03   9.96E-07   8.44E-08   3.11E-08
   8.6     8.7    2.13E+02   1.12E+00   5.85E-03   9.96E-07   8.44E-08   3.11E-08
   8.7     8.8    2.13E+02   1.12E+00   5.85E-03   9.96E-07   8.44E-08   3.11E-08
   8.8     8.9    2.13E+02   1.12E+00   5.85E-03   9.96E-07   8.44E-08   3.11E-08
   8.9     9.0    2.13E+02   1.12E+00   5.85E-03   9.96E-07   8.44E-08   3.11E-08
   9.0     9.1    2.30E+02   1.19E+00   6.48E-03   1.19E-06   9.43E-08   3.50E-08
   9.1     9.2    2.30E+02   1.19E+00   6.48E-03   1.19E-06   9.43E-08   3.50E-08
   9.2     9.3    2.30E+02   1.19E+00   6.48E-03   1.19E-06   9.43E-08   3.50E-08
   9.3     9.4    2.30E+02   1.19E+00   6.48E-03   1.19E-06   9.43E-08   3.50E-08
   9.4     9.5    2.30E+02   1.19E+00   6.48E-03   1.19E-06   9.43E-08   3.50E-08
   9.5     9.6    2.30E+02   1.19E+00   6.48E-03   1.19E-06   9.43E-08   3.50E-08
   9.6     9.7    2.30E+02   1.19E+00   6.48E-03   1.19E-06   9.43E-08   3.50E-08
   9.7     9.8    2.30E+02   1.19E+00   6.48E-03   1.19E-06   9.43E-08   3.50E-08
   9.8     9.9    2.30E+02   1.19E+00   6.48E-03   1.19E-06   9.43E-08   3.50E-08
   9.9    10.0    2.30E+02   1.19E+00   6.48E-03   1.19E-06   9.43E-08   3.50E-08
  10.0    10.1    2.66E+02   1.43E+00   7.74E-03   1.44E-06   1.22E-07   5.02E-08
  10.1    10.2    2.66E+02   1.43E+00   7.74E-03   1.44E-06   1.22E-07   5.02E-08
  10.2    10.3    2.66E+02   1.43E+00   7.74E-03   1.44E-06   1.22E-07   5.02E-08
  10.3    10.4    2.66E+02   1.43E+00   7.74E-03   1.44E-06   1.22E-07   5.02E-08
  10.4    10.5    2.66E+02   1.43E+00   7.74E-03   1.44E-06   1.22E-07   5.02E-08
  10.5    10.6    2.66E+02   1.43E+00   7.74E-03   1.44E-06   1.22E-07   5.02E-08
  10.6    10.7    2.66E+02   1.43E+00   7.74E-03   1.44E-06   1.22E-07   5.02E-08
  10.7    10.8    2.66E+02   1.43E+00   7.74E-03   1.44E-06   1.22E-07   5.02E-08
  10.8    10.9    2.66E+02   1.43E+00   7.74E-03   1.44E-06   1.22E-07   5.02E-08
  10.9    11.0    2.66E+02   1.43E+00   7.74E-03   1.44E-06   1.22E-07   5.02E-08
  11.0    11.1    3.45E+02   2.03E+00   1.10E-02   1.70E-06   1.39E-07   5.38E-08
  11.1    11.2    3.45E+02   2.03E+00   1.10E-02   1.70E-06   1.39E-07   5.38E-08
  11.2    11.3    3.45E+02   2.03E+00   1.10E-02   1.70E-06   1.39E-07   5.38E-08
  11.3    11.4    3.45E+02   2.03E+00   1.10E-02   1.70E-06   1.39E-07   5.38E-08
  11.4    11.5    3.45E+02   2.03E+00   1.10E-02   1.70E-06   1.39E-07   5.38E-08
  11.5    11.6    3.45E+02   2.03E+00   1.10E-02   1.70E-06   1.39E-07   5.38E-08
  11.6    11.7    3.45E+02   2.03E+00   1.10E-02   1.70E-06   1.39E-07   5.38E-08
  11.7    11.8    3.45E+02   2.03E+00   1.10E-02   1.70E-06   1.39E-07   5.38E-08
  11.8    11.9    3.45E+02   2.03E+00   1.10E-02   1.70E-06   1.39E-07   5.38E-08
  11.9    12.0    3.45E+02   2.03E+00   1.10E-02   1.70E-06   1.39E-07   5.38E-08
  12.0    12.1    4.66E+02   2.70E+00   1.47E-02   2.36E-06   1.83E-07   6.82E-08
  12.1    12.2    4.66E+02   2.70E+00   1.47E-02   2.36E-06   1.83E-07   6.82E-08
  12.2    12.3    4.66E+02   2.70E+00   1.47E-02   2.36E-06   1.83E-07   6.82E-08
  12.3    12.4    4.66E+02   2.70E+00   1.47E-02   2.36E-06   1.83E-07   6.82E-08
  12.4    12.5    4.66E+02   2.70E+00   1.47E-02   2.36E-06   1.83E-07   6.82E-08
  12.5    12.6    4.66E+02   2.70E+00   1.47E-02   2.36E-06   1.83E-07   6.82E-08
  12.6    12.7    4.66E+02   2.70E+00   1.47E-02   2.36E-06   1.83E-07   6.82E-08
  12.7    12.8    4.66E+02   2.70E+00   1.47E-02   2.36E-06   1.83E-07   6.82E-08
  12.8    12.9    4.66E+02   2.70E+00   1.47E-02   2.36E-06   1.83E-07   6.82E-08
  12.9    13.0    4.66E+02   2.70E+00   1.47E-02   2.36E-06   1.83E-07   6.82E-08
  13.0    13.1    6.59E+02   3.23E+00   1.77E-02   3.10E-06   2.69E-07   9.84E-08
  13.1    13.2    6.59E+02   3.23E+00   1.77E-02   3.10E-06   2.69E-07   9.84E-08
  13.2    13.3    6.59E+02   3.23E+00   1.77E-02   3.10E-06   2.69E-07   9.84E-08
  13.3    13.4    6.59E+02   3.23E+00   1.77E-02   3.10E-06   2.69E-07   9.84E-08
  13.4    13.5    6.59E+02   3.23E+00   1.77E-02   3.10E-06   2.69E-07   9.84E-08
  13.5    13.6    6.59E+02   3.23E+00   1.77E-02   3.10E-06   2.69E-07   9.84E-08
  13.6    13.7    6.59E+02   3.23E+00   1.77E-02   3.10E-06   2.69E-07   9.84E-08
  13.7    13.8    6.59E+02   3.23E+00   1.77E-02   3.10E-06   2.69E-07   9.84E-08
  13.8    13.9    6.59E+02   3.23E+00   1.77E-02   3.10E-06   2.69E-07   9.84E-08
  13.9    14.0    6.59E+02   3.23E+00   1.77E-02   3.10E-06   2.69E-07   9.84E-08
  14.0    14.1    1.80E+03   8.21E+00   5.10E-02   8.68E-06   7.87E-07   2.75E-07
  14.1    14.2    1.80E+03   8.21E+00   5.10E-02   8.68E-06   7.87E-07   2.75E-07
  14.2    14.3    1.80E+03   8.21E+00   5.10E-02   8.68E-06   7.87E-07   2.75E-07
  14.3    14.4    1.80E+03   8.21E+00   5.10E-02   8.68E-06   7.87E-07   2.75E-07
  14.4    14.5    1.80E+03   8.21E+00   5.10E-02   8.68E-06   7.87E-07   2.75E-07
  14.5    14.6    1.80E+03   8.21E+00   5.10E-02   8.68E-06   7.87E-07   2.75E-07
  14.6    14.7    1.80E+03   8.21E+00   5.10E-02   8.68E-06   7.87E-07   2.75E-07
  14.7    14.8    1.80E+03   8.21E+00   5.10E-02   8.68E-06   7.87E-07   2.75E-07
  14.8    14.9    1.80E+03   8.21E+00   5.10E-02   8.68E-06   7.87E-07   2.75E-07
  14.9    15.0    1.80E+03   8.21E+00   5.10E-02   8.68E-06   7.87E-07   2.75E-07
  15.0    15.1    1.84E+03   7.62E+00   4.65E-02   9.93E-06   8.73E-07   3.23E-07
  15.1    15.2    1.84E+03   7.62E+00   4.65E-02   9.93E-06   8.73E-07   3.23E-07
  15.2    15.3    1.84E+03   7.62E+00   4.65E-02   9.93E-06   8.73E-07   3.23E-07
  15.3    15.4    1.84E+03   7.62E+00   4.65E-02   9.93E-06   8.73E-07   3.23E-07
  15.4    15.5    1.84E+03   7.62E+00   4.65E-02   9.93E-06   8.73E-07   3.23E-07
  15.5    15.6    1.84E+03   7.62E+00   4.65E-02   9.93E-06   8.73E-07   3.23E-07
  15.6    15.7    1.84E+03   7.62E+00   4.65E-02   9.93E-06   8.73E-07   3.23E-07
  15.7    15.8    1.84E+03   7.62E+00   4.65E-02   9.93E-06   8.73E-07   3.23E-07
  15.8    15.9    1.84E+03   7.62E+00   4.65E-02   9.93E-06   8.73E-07   3.23E-07
  15.9    16.0    1.84E+03   7.62E+00   4.65E-02   9.93E-06   8.73E-07   3.23E-07
  16.0    16.1    3.51E+01   3.97E-01   6.22E-04   4.91E-07   6.94E-09   6.64E-10
  16.1    16.2    3.51E+01   3.97E-01   6.22E-04   4.91E-07   6.94E-09   6.64E-10
  16.2    16.3    3.51E+01   3.97E-01   6.22E-04   4.91E-07   6.94E-09   6.64E-10
  16.3    16.4    3.51E+01   3.97E-01   6.22E-04   4.91E-07   6.94E-09   6.64E-10
  16.4    16.5    3.51E+01   3.97E-01   6.22E-04   4.91E-07   6.94E-09   6.64E-10
  16.5    16.6    3.51E+01   3.97E-01   6.22E-04   4.91E-07   6.94E-09   6.64E-10
  16.6    16.7    3.51E+01   3.97E-01   6.22E-04   4.91E-07   6.94E-09   6.64E-10
  16.7    16.8    3.51E+01   3.97E-01   6.22E-04   4.91E-07   6.94E-09   6.64E-10
  16.8    16.9    3.51E+01   3.97E-01   6.22E-04   4.91E-07   6.94E-09   6.64E-10
  16.9    17.0    3.51E+01   3.97E-01   6.22E-04   4.91E-07   6.94E-09   6.64E-10
  17.0    17.1    7.94E+00   4.00E-02   1.48E-04   5.05E-09   7.65E-10   3.02E-10
  17.1    17.2    7.94E+00   4.00E-02   1.48E-04   5.05E-09   7.65E-10   3.02E-10
  17.2    17.3    7.94E+00   4.00E-02   1.48E-04   5.05E-09   7.65E-10   3.02E-10
  17.3    17.4    7.94E+00   4.00E-02   1.48E-04   5.05E-09   7.65E-10   3.02E-10
  17.4    17.5    7.94E+00   4.00E-02   1.48E-04   5.05E-09   7.65E-10   3.02E-10
  17.5    17.6    7.94E+00   4.00E-02   1.48E-04   5.05E-09   7.65E-10   3.02E-10
  17.6    17.7    7.94E+00   4.00E-02   1.48E-04   5.05E-09   7.65E-10   3.02E-10
  17.7    17.8    7.94E+00   4.00E-02   1.48E-04   5.05E-09   7.65E-10   3.02E-10
  17.8    17.9    7.94E+00   4.00E-02   1.48E-04   5.05E-09   7.65E-10   3.02E-10
  17.9    18.0    7.94E+00   4.00E-02   1.48E-04   5.05E-09   7.65E-10   3.02E-10
  18.0    18.1    1.00E-99   1.00E-99   1.00E-99   1.00E-99   1.00E-99   1.00E-99
  18.1    18.2    1.00E-99   1.00E-99   1.00E-99   1.00E-99   1.00E-99   1.00E-99
  18.2    18.3    1.00E-99   1.00E-99   1.00E-99   1.00E-99   1.00E-99   1.00E-99
  18.3    18.4    1.00E-99   1.00E-99   1.00E-99   1.00E-99   1.00E-99   1.00E-99
  18.4    18.5    1.00E-99   1.00E-99   1.00E-99   1.00E-99   1.00E-99   1.00E-99
  18.5    18.6    1.00E-99   1.00E-99   1.00E-99   1.00E-99   1.00E-99   1.00E-99
  18.6    18.7    1.00E-99   1.00E-99   1.00E-99   1.00E-99   1.00E-99   1.00E-99
  18.7    18.8    1.00E-99   1.00E-99   1.00E-99   1.00E-99   1.00E-99   1.00E-99
  18.8    18.9    1.00E-99   1.00E-99   1.00E-99   1.00E-99   1.00E-99   1.00E-99
  18.9    19.0    1.00E-99   1.00E-99   1.00E-99   1.00E-99   1.00E-99   1.00E-99
  19.0    19.1    1.00E-99   1.00E-99   1.00E-99   1.00E-99   1.00E-99   1.00E-99
  19.1    19.2    1.00E-99   1.00E-99   1.00E-99   1.00E-99   1.00E-99   1.00E-99
  19.2    19.3    1.00E-99   1.00E-99   1.00E-99   1.00E-99   1.00E-99   1.00E-99
  19.3    19.4    1.00E-99   1.00E-99   1.00E-99   1.00E-99   1.00E-99   1.00E-99
  19.4    19.5    1.00E-99   1.00E-99   1.00E-99   1.00E-99   1.00E-99   1.00E-99
  19.5    19.6    1.00E-99   1.00E-99   1.00E-99   1.00E-99   1.00E-99   1.00E-99
  19.6    19.7    1.00E-99   1.00E-99   1.00E-99   1.00E-99   1.00E-99   1.00E-99
  19.7    19.8    1.00E-99   1.00E-99   1.00E-99   1.00E-99   1.00E-99   1.00E-99
  19.8    19.9    1.00E-99   1.00E-99   1.00E-99   1.00E-99   1.00E-99   1.00E-99
  19.9    20.0    1.00E-99   1.00E-99   1.00E-99   1.00E-99   1.00E-99   1.00E-99
  20.0    20.1    1.00E-99   1.00E-99   1.00E-99   1.00E-99   1.00E-99   1.00E-99
  20.1    20.2    1.00E-99   1.00E-99   1.00E-99   1.00E-99   1.00E-99   1.00E-99
  20.2    20.3    1.00E-99   1.00E-99   1.00E-99   1.00E-99   1.00E-99   1.00E-99
  20.3    20.4    1.00E-99   1.00E-99   1.00E-99   1.00E-99   1.00E-99   1.00E-99
  20.4    20.5    1.00E-99   1.00E-99   1.00E-99   1.00E-99   1.00E-99   1.00E-99
  20.5    20.6    1.00E-99   1.00E-99   1.00E-99   1.00E-99   1.00E-99   1.00E-99
  20.6    20.7    1.00E-99   1.00E-99   1.00E-99   1.00E-99   1.00E-99   1.00E-99
  20.7    20.8    1.00E-99   1.00E-99   1.00E-99   1.00E-99   1.00E-99   1.00E-99
  20.8    20.9    1.00E-99   1.00E-99   1.00E-99   1.00E-99   1.00E-99   1.00E-99
  20.9    21.0    1.00E-99   1.00E-99   1.00E-99   1.00E-99   1.00E-99   1.00E-99
  21.0    21.1    1.00E-99   1.00E-99   1.00E-99   1.00E-99   1.00E-99   1.00E-99
  21.1    21.2    1.00E-99   1.00E-99   1.00E-99   1.00E-99   1.00E-99   1.00E-99
  21.2    21.3    1.00E-99   1.00E-99   1.00E-99   1.00E-99   1.00E-99   1.00E-99
  21.3    21.4    1.00E-99   1.00E-99   1.00E-99   1.00E-99   1.00E-99   1.00E-99
  21.4    21.5    1.00E-99   1.00E-99   1.00E-99   1.00E-99   1.00E-99   1.00E-99
  21.5    21.6    1.00E-99   1.00E-99   1.00E-99   1.00E-99   1.00E-99   1.00E-99
  21.6    21.7    1.00E-99   1.00E-99   1.00E-99   1.00E-99   1.00E-99   1.00E-99
  21.7    21.8    1.00E-99   1.00E-99   1.00E-99   1.00E-99   1.00E-99   1.00E-99
  21.8    21.9    1.00E-99   1.00E-99   1.00E-99   1.00E-99   1.00E-99   1.00E-99
  21.9    22.0    1.00E-99   1.00E-99   1.00E-99   1.00E-99   1.00E-99   1.00E-99
  22.0    22.1    1.00E-99   1.00E-99   1.00E-99   1.00E-99   1.00E-99   1.00E-99
  22.1    22.2    1.00E-99   1.00E-99   1.00E-99   1.00E-99   1.00E-99   1.00E-99
  22.2    22.3    1.00E-99   1.00E-99   1.00E-99   1.00E-99   1.00E-99   1.00E-99
  22.3    22.4    1.00E-99   1.00E-99   1.00E-99   1.00E-99   1.00E-99   1.00E-99
  22.4    22.5    1.00E-99   1.00E-99   1.00E-99   1.00E-99   1.00E-99   1.00E-99
  22.5    22.6    1.00E-99   1.00E-99   1.00E-99   1.00E-99   1.00E-99   1.00E-99
  22.6    22.7    1.00E-99   1.00E-99   1.00E-99   1.00E-99   1.00E-99   1.00E-99
  22.7    22.8    1.00E-99   1.00E-99   1.00E-99   1.00E-99   1.00E-99   1.00E-99
  22.8    22.9    1.00E-99   1.00E-99   1.00E-99   1.00E-99   1.00E-99   1.00E-99
  22.9    23.0    1.00E-99   1.00E-99   1.00E-99   1.00E-99   1.00E-99   1.00E-99
